# JRE version: Java(TM) SE Runtime Environment (7.0_79-b15) (build 1.7.0_79-b15)
# Java VM: Java HotSpot(TM) Client VM (24.79-b02 mixed mode, sharing windows-x86 )
Heap
 def new generation   total 70016K, used 62272K [0x22c00000, 0x277f0000, 0x28150000)
  eden space 62272K, 100% used [0x22c00000, 0x268d0000, 0x268d0000)
  from space 7744K,   0% used [0x268d0000, 0x268d0000, 0x27060000)
  to   space 7744K, 100% used [0x27060000, 0x277f0000, 0x277f0000)
 tenured generation   total 155408K, used 57044K [0x28150000, 0x31914000, 0x32c00000)
   the space 155408K,  36% used [0x28150000, 0x2b9053a0, 0x2b905400, 0x31914000)
 compacting perm gen  total 12288K, used 1803K [0x32c00000, 0x33800000, 0x36c00000)
   the space 12288K,  14% used [0x32c00000, 0x32dc2c10, 0x32dc2e00, 0x33800000)
    ro space 10240K,  42% used [0x36c00000, 0x37036058, 0x37036200, 0x37600000)
    rw space 12288K,  51% used [0x37600000, 0x37c3bdb0, 0x37c3be00, 0x38200000)
GC Heap History (10 events):
Event: 32.481 GC heap after
Heap after GC invocations=50 (full 15):
 def new generation   total 70016K, used 0K [0x22c00000, 0x277f0000, 0x28150000)
  eden space 62272K,   0% used [0x22c00000, 0x22c00000, 0x268d0000)
  from space 7744K,   0% used [0x268d0000, 0x268d0000, 0x27060000)
  to   space 7744K,   0% used [0x27060000, 0x27060000, 0x277f0000)
 tenured generation   total 155408K, used 76466K [0x28150000, 0x31914000, 0x32c00000)
   the space 155408K,  49% used [0x28150000, 0x2cbfca48, 0x2cbfcc00, 0x31914000)
 compacting perm gen  total 12288K, used 1803K [0x32c00000, 0x33800000, 0x36c00000)
   the space 12288K,  14% used [0x32c00000, 0x32dc2c30, 0x32dc2e00, 0x33800000)
    ro space 10240K,  42% used [0x36c00000, 0x37036058, 0x37036200, 0x37600000)
    rw space 12288K,  51% used [0x37600000, 0x37c3bdb0, 0x37c3be00, 0x38200000)
}
Event: 32.740 GC heap before
{Heap before GC invocations=50 (full 15):
 def new generation   total 70016K, used 62272K [0x22c00000, 0x277f0000, 0x28150000)
  eden space 62272K, 100% used [0x22c00000, 0x268d0000, 0x268d0000)
  from space 7744K,   0% used [0x268d0000, 0x268d0000, 0x27060000)
  to   space 7744K,   0% used [0x27060000, 0x27060000, 0x277f0000)
 tenured generation   total 155408K, used 76466K [0x28150000, 0x31914000, 0x32c00000)
   the space 155408K,  49% used [0x28150000, 0x2cbfca48, 0x2cbfcc00, 0x31914000)
 compacting perm gen  total 12288K, used 1803K [0x32c00000, 0x33800000, 0x36c00000)
   the space 12288K,  14% used [0x32c00000, 0x32dc2c30, 0x32dc2e00, 0x33800000)
    ro space 10240K,  42% used [0x36c00000, 0x37036058, 0x37036200, 0x37600000)
    rw space 12288K,  51% used [0x37600000, 0x37c3bdb0, 0x37c3be00, 0x38200000)
Event: 32.891 GC heap after
Heap after GC invocations=51 (full 15):
 def new generation   total 70016K, used 7743K [0x22c00000, 0x277f0000, 0x28150000)
  eden space 62272K,   0% used [0x22c00000, 0x22c00000, 0x268d0000)
  from space 7744K,  99% used [0x27060000, 0x277efff8, 0x277f0000)
  to   space 7744K,   0% used [0x268d0000, 0x268d0000, 0x27060000)
 tenured generation   total 155408K, used 103719K [0x28150000, 0x31914000, 0x32c00000)
   the space 155408K,  66% used [0x28150000, 0x2e699cb0, 0x2e699e00, 0x31914000)
 compacting perm gen  total 12288K, used 1803K [0x32c00000, 0x33800000, 0x36c00000)
   the space 12288K,  14% used [0x32c00000, 0x32dc2c30, 0x32dc2e00, 0x33800000)
    ro space 10240K,  42% used [0x36c00000, 0x37036058, 0x37036200, 0x37600000)
    rw space 12288K,  51% used [0x37600000, 0x37c3bdb0, 0x37c3be00, 0x38200000)
}
Event: 33.314 GC heap before
{Heap before GC invocations=51 (full 15):
 def new generation   total 70016K, used 69570K [0x22c00000, 0x277f0000, 0x28150000)
  eden space 62272K,  99% used [0x22c00000, 0x268609b8, 0x268d0000)
  from space 7744K,  99% used [0x27060000, 0x277efff8, 0x277f0000)
  to   space 7744K,   0% used [0x268d0000, 0x268d0000, 0x27060000)
 tenured generation   total 155408K, used 103719K [0x28150000, 0x31914000, 0x32c00000)
   the space 155408K,  66% used [0x28150000, 0x2e699cb0, 0x2e699e00, 0x31914000)
 compacting perm gen  total 12288K, used 1803K [0x32c00000, 0x33800000, 0x36c00000)
   the space 12288K,  14% used [0x32c00000, 0x32dc2c30, 0x32dc2e00, 0x33800000)
    ro space 10240K,  42% used [0x36c00000, 0x37036058, 0x37036200, 0x37600000)
    rw space 12288K,  51% used [0x37600000, 0x37c3bdb0, 0x37c3be00, 0x38200000)
Event: 33.382 GC heap after
Heap after GC invocations=52 (full 15):
 def new generation   total 70016K, used 7744K [0x22c00000, 0x277f0000, 0x28150000)
  eden space 62272K,   0% used [0x22c00000, 0x22c00000, 0x268d0000)
  from space 7744K, 100% used [0x268d0000, 0x27060000, 0x27060000)
  to   space 7744K,   0% used [0x27060000, 0x27060000, 0x277f0000)
 tenured generation   total 155408K, used 126151K [0x28150000, 0x31914000, 0x32c00000)
   the space 155408K,  81% used [0x28150000, 0x2fc81ff0, 0x2fc82000, 0x31914000)
 compacting perm gen  total 12288K, used 1803K [0x32c00000, 0x33800000, 0x36c00000)
   the space 12288K,  14% used [0x32c00000, 0x32dc2c30, 0x32dc2e00, 0x33800000)
    ro space 10240K,  42% used [0x36c00000, 0x37036058, 0x37036200, 0x37600000)
    rw space 12288K,  51% used [0x37600000, 0x37c3bdb0, 0x37c3be00, 0x38200000)
}
Event: 34.100 GC heap before
{Heap before GC invocations=52 (full 15):
 def new generation   total 70016K, used 69764K [0x22c00000, 0x277f0000, 0x28150000)
  eden space 62272K,  99% used [0x22c00000, 0x268912b0, 0x268d0000)
  from space 7744K, 100% used [0x268d0000, 0x27060000, 0x27060000)
  to   space 7744K,   0% used [0x27060000, 0x27060000, 0x277f0000)
 tenured generation   total 155408K, used 126151K [0x28150000, 0x31914000, 0x32c00000)
   the space 155408K,  81% used [0x28150000, 0x2fc81ff0, 0x2fc82000, 0x31914000)
 compacting perm gen  total 12288K, used 1803K [0x32c00000, 0x33800000, 0x36c00000)
   the space 12288K,  14% used [0x32c00000, 0x32dc2c30, 0x32dc2e00, 0x33800000)
    ro space 10240K,  42% used [0x36c00000, 0x37036058, 0x37036200, 0x37600000)
    rw space 12288K,  51% used [0x37600000, 0x37c3bdb0, 0x37c3be00, 0x38200000)
Event: 34.120 GC heap after
Heap after GC invocations=53 (full 15):
 def new generation   total 70016K, used 7143K [0x22c00000, 0x277f0000, 0x28150000)
  eden space 62272K,   0% used [0x22c00000, 0x22c00000, 0x268d0000)
  from space 7744K,  92% used [0x27060000, 0x27759dd8, 0x277f0000)
  to   space 7744K,   0% used [0x268d0000, 0x268d0000, 0x27060000)
 tenured generation   total 155408K, used 133895K [0x28150000, 0x31914000, 0x32c00000)
   the space 155408K,  86% used [0x28150000, 0x30411ff0, 0x30412000, 0x31914000)
 compacting perm gen  total 12288K, used 1803K [0x32c00000, 0x33800000, 0x36c00000)
   the space 12288K,  14% used [0x32c00000, 0x32dc2c30, 0x32dc2e00, 0x33800000)
    ro space 10240K,  42% used [0x36c00000, 0x37036058, 0x37036200, 0x37600000)
    rw space 12288K,  51% used [0x37600000, 0x37c3bdb0, 0x37c3be00, 0x38200000)
}
Event: 35.428 GC heap before
{Heap before GC invocations=53 (full 15):
 def new generation   total 70016K, used 68158K [0x22c00000, 0x277f0000, 0x28150000)
  eden space 62272K,  97% used [0x22c00000, 0x26795da8, 0x268d0000)
  from space 7744K,  92% used [0x27060000, 0x27759dd8, 0x277f0000)
  to   space 7744K,   0% used [0x268d0000, 0x268d0000, 0x27060000)
 tenured generation   total 155408K, used 133895K [0x28150000, 0x31914000, 0x32c00000)
   the space 155408K,  86% used [0x28150000, 0x30411ff0, 0x30412000, 0x31914000)
 compacting perm gen  total 12288K, used 1803K [0x32c00000, 0x33800000, 0x36c00000)
   the space 12288K,  14% used [0x32c00000, 0x32dc2c30, 0x32dc2e00, 0x33800000)
    ro space 10240K,  42% used [0x36c00000, 0x37036058, 0x37036200, 0x37600000)
    rw space 12288K,  51% used [0x37600000, 0x37c3bdb0, 0x37c3be00, 0x38200000)
Event: 35.800 GC heap after
Heap after GC invocations=54 (full 16):
 def new generation   total 70016K, used 0K [0x22c00000, 0x277f0000, 0x28150000)
  eden space 62272K,   0% used [0x22c00000, 0x22c00000, 0x268d0000)
  from space 7744K,   0% used [0x268d0000, 0x268d0000, 0x27060000)
  to   space 7744K,   0% used [0x27060000, 0x27060000, 0x277f0000)
 tenured generation   total 155408K, used 38401K [0x28150000, 0x31914000, 0x32c00000)
   the space 155408K,  24% used [0x28150000, 0x2a6d0458, 0x2a6d0600, 0x31914000)
 compacting perm gen  total 12288K, used 1803K [0x32c00000, 0x33800000, 0x36c00000)
   the space 12288K,  14% used [0x32c00000, 0x32dc2c10, 0x32dc2e00, 0x33800000)
    ro space 10240K,  42% used [0x36c00000, 0x37036058, 0x37036200, 0x37600000)
    rw space 12288K,  51% used [0x37600000, 0x37c3bdb0, 0x37c3be00, 0x38200000)
}
Event: 36.089 GC heap before
{Heap before GC invocations=54 (full 16):
 def new generation   total 70016K, used 62272K [0x22c00000, 0x277f0000, 0x28150000)
  eden space 62272K, 100% used [0x22c00000, 0x268d0000, 0x268d0000)
  from space 7744K,   0% used [0x268d0000, 0x268d0000, 0x27060000)
  to   space 7744K,   0% used [0x27060000, 0x27060000, 0x277f0000)
 tenured generation   total 155408K, used 38401K [0x28150000, 0x31914000, 0x32c00000)
   the space 155408K,  24% used [0x28150000, 0x2a6d0458, 0x2a6d0600, 0x31914000)
 compacting perm gen  total 12288K, used 1803K [0x32c00000, 0x33800000, 0x36c00000)
   the space 12288K,  14% used [0x32c00000, 0x32dc2c10, 0x32dc2e00, 0x33800000)
    ro space 10240K,  42% used [0x36c00000, 0x37036058, 0x37036200, 0x37600000)
    rw space 12288K,  51% used [0x37600000, 0x37c3bdb0, 0x37c3be00, 0x38200000)

