# JRE version: Java(TM) SE Runtime Environment (7.0_79-b15) (build 1.7.0_79-b15)
# Java VM: Java HotSpot(TM) Client VM (24.79-b02 mixed mode, sharing windows-x86 )
Heap
 def new generation   total 78656K, used 78656K [0x22c00000, 0x28150000, 0x28150000)
  eden space 69952K, 100% used [0x22c00000, 0x27050000, 0x27050000)
  from space 8704K, 100% used [0x278d0000, 0x28150000, 0x28150000)
  to   space 8704K,   0% used [0x27050000, 0x27050000, 0x278d0000)
 tenured generation   total 174784K, used 72065K [0x28150000, 0x32c00000, 0x32c00000)
   the space 174784K,  41% used [0x28150000, 0x2c7b0580, 0x2c7b0600, 0x32c00000)
 compacting perm gen  total 12288K, used 1809K [0x32c00000, 0x33800000, 0x36c00000)
   the space 12288K,  14% used [0x32c00000, 0x32dc44d0, 0x32dc4600, 0x33800000)
    ro space 10240K,  42% used [0x36c00000, 0x37036058, 0x37036200, 0x37600000)
    rw space 12288K,  51% used [0x37600000, 0x37c3bdb0, 0x37c3be00, 0x38200000)
GC Heap History (10 events):
Event: 285.088 GC heap after
Heap after GC invocations=472 (full 140):
 def new generation   total 78656K, used 8703K [0x22c00000, 0x28150000, 0x28150000)
  eden space 69952K,   0% used [0x22c00000, 0x22c00000, 0x27050000)
  from space 8704K,  99% used [0x27050000, 0x278cfff8, 0x278d0000)
  to   space 8704K,   0% used [0x278d0000, 0x278d0000, 0x28150000)
 tenured generation   total 174784K, used 112396K [0x28150000, 0x32c00000, 0x32c00000)
   the space 174784K,  64% used [0x28150000, 0x2ef132a0, 0x2ef13400, 0x32c00000)
 compacting perm gen  total 12288K, used 1809K [0x32c00000, 0x33800000, 0x36c00000)
   the space 12288K,  14% used [0x32c00000, 0x32dc44d0, 0x32dc4600, 0x33800000)
    ro space 10240K,  42% used [0x36c00000, 0x37036058, 0x37036200, 0x37600000)
    rw space 12288K,  51% used [0x37600000, 0x37c3bdb0, 0x37c3be00, 0x38200000)
}
Event: 285.474 GC heap before
{Heap before GC invocations=472 (full 140):
 def new generation   total 78656K, used 78655K [0x22c00000, 0x28150000, 0x28150000)
  eden space 69952K, 100% used [0x22c00000, 0x27050000, 0x27050000)
  from space 8704K,  99% used [0x27050000, 0x278cfff8, 0x278d0000)
  to   space 8704K,   0% used [0x278d0000, 0x278d0000, 0x28150000)
 tenured generation   total 174784K, used 112396K [0x28150000, 0x32c00000, 0x32c00000)
   the space 174784K,  64% used [0x28150000, 0x2ef132a0, 0x2ef13400, 0x32c00000)
 compacting perm gen  total 12288K, used 1809K [0x32c00000, 0x33800000, 0x36c00000)
   the space 12288K,  14% used [0x32c00000, 0x32dc44d0, 0x32dc4600, 0x33800000)
    ro space 10240K,  42% used [0x36c00000, 0x37036058, 0x37036200, 0x37600000)
    rw space 12288K,  51% used [0x37600000, 0x37c3bdb0, 0x37c3be00, 0x38200000)
Event: 285.745 GC heap after
Heap after GC invocations=473 (full 140):
 def new generation   total 78656K, used 8704K [0x22c00000, 0x28150000, 0x28150000)
  eden space 69952K,   0% used [0x22c00000, 0x22c00000, 0x27050000)
  from space 8704K, 100% used [0x278d0000, 0x28150000, 0x28150000)
  to   space 8704K,   0% used [0x27050000, 0x27050000, 0x278d0000)
 tenured generation   total 174784K, used 151098K [0x28150000, 0x32c00000, 0x32c00000)
   the space 174784K,  86% used [0x28150000, 0x314dea00, 0x314dea00, 0x32c00000)
 compacting perm gen  total 12288K, used 1809K [0x32c00000, 0x33800000, 0x36c00000)
   the space 12288K,  14% used [0x32c00000, 0x32dc44d0, 0x32dc4600, 0x33800000)
    ro space 10240K,  42% used [0x36c00000, 0x37036058, 0x37036200, 0x37600000)
    rw space 12288K,  51% used [0x37600000, 0x37c3bdb0, 0x37c3be00, 0x38200000)
}
Event: 286.090 GC heap before
{Heap before GC invocations=473 (full 140):
 def new generation   total 78656K, used 73917K [0x22c00000, 0x28150000, 0x28150000)
  eden space 69952K,  93% used [0x22c00000, 0x26baf5d0, 0x27050000)
  from space 8704K, 100% used [0x278d0000, 0x28150000, 0x28150000)
  to   space 8704K,   0% used [0x27050000, 0x27050000, 0x278d0000)
 tenured generation   total 174784K, used 151098K [0x28150000, 0x32c00000, 0x32c00000)
   the space 174784K,  86% used [0x28150000, 0x314dea00, 0x314dea00, 0x32c00000)
 compacting perm gen  total 12288K, used 1809K [0x32c00000, 0x33800000, 0x36c00000)
   the space 12288K,  14% used [0x32c00000, 0x32dc44d0, 0x32dc4600, 0x33800000)
    ro space 10240K,  42% used [0x36c00000, 0x37036058, 0x37036200, 0x37600000)
    rw space 12288K,  51% used [0x37600000, 0x37c3bdb0, 0x37c3be00, 0x38200000)
Event: 286.631 GC heap after
Heap after GC invocations=474 (full 141):
 def new generation   total 78656K, used 0K [0x22c00000, 0x28150000, 0x28150000)
  eden space 69952K,   0% used [0x22c00000, 0x22c00000, 0x27050000)
  from space 8704K,   0% used [0x278d0000, 0x278d0000, 0x28150000)
  to   space 8704K,   0% used [0x27050000, 0x27050000, 0x278d0000)
 tenured generation   total 174784K, used 75964K [0x28150000, 0x32c00000, 0x32c00000)
   the space 174784K,  43% used [0x28150000, 0x2cb7f028, 0x2cb7f200, 0x32c00000)
 compacting perm gen  total 12288K, used 1809K [0x32c00000, 0x33800000, 0x36c00000)
   the space 12288K,  14% used [0x32c00000, 0x32dc44d0, 0x32dc4600, 0x33800000)
    ro space 10240K,  42% used [0x36c00000, 0x37036058, 0x37036200, 0x37600000)
    rw space 12288K,  51% used [0x37600000, 0x37c3bdb0, 0x37c3be00, 0x38200000)
}
Event: 286.959 GC heap before
{Heap before GC invocations=474 (full 141):
 def new generation   total 78656K, used 69952K [0x22c00000, 0x28150000, 0x28150000)
  eden space 69952K, 100% used [0x22c00000, 0x27050000, 0x27050000)
  from space 8704K,   0% used [0x278d0000, 0x278d0000, 0x28150000)
  to   space 8704K,   0% used [0x27050000, 0x27050000, 0x278d0000)
 tenured generation   total 174784K, used 75964K [0x28150000, 0x32c00000, 0x32c00000)
   the space 174784K,  43% used [0x28150000, 0x2cb7f028, 0x2cb7f200, 0x32c00000)
 compacting perm gen  total 12288K, used 1809K [0x32c00000, 0x33800000, 0x36c00000)
   the space 12288K,  14% used [0x32c00000, 0x32dc44d0, 0x32dc4600, 0x33800000)
    ro space 10240K,  42% used [0x36c00000, 0x37036058, 0x37036200, 0x37600000)
    rw space 12288K,  51% used [0x37600000, 0x37c3bdb0, 0x37c3be00, 0x38200000)
Event: 287.128 GC heap after
Heap after GC invocations=475 (full 141):
 def new generation   total 78656K, used 8703K [0x22c00000, 0x28150000, 0x28150000)
  eden space 69952K,   0% used [0x22c00000, 0x22c00000, 0x27050000)
  from space 8704K,  99% used [0x27050000, 0x278cfff8, 0x278d0000)
  to   space 8704K,   0% used [0x278d0000, 0x278d0000, 0x28150000)
 tenured generation   total 174784K, used 104397K [0x28150000, 0x32c00000, 0x32c00000)
   the space 174784K,  59% used [0x28150000, 0x2e7435e0, 0x2e743600, 0x32c00000)
 compacting perm gen  total 12288K, used 1809K [0x32c00000, 0x33800000, 0x36c00000)
   the space 12288K,  14% used [0x32c00000, 0x32dc44d0, 0x32dc4600, 0x33800000)
    ro space 10240K,  42% used [0x36c00000, 0x37036058, 0x37036200, 0x37600000)
    rw space 12288K,  51% used [0x37600000, 0x37c3bdb0, 0x37c3be00, 0x38200000)
}
Event: 287.554 GC heap before
{Heap before GC invocations=475 (full 141):
 def new generation   total 78656K, used 78655K [0x22c00000, 0x28150000, 0x28150000)
  eden space 69952K, 100% used [0x22c00000, 0x27050000, 0x27050000)
  from space 8704K,  99% used [0x27050000, 0x278cfff8, 0x278d0000)
  to   space 8704K,   0% used [0x278d0000, 0x278d0000, 0x28150000)
 tenured generation   total 174784K, used 104397K [0x28150000, 0x32c00000, 0x32c00000)
   the space 174784K,  59% used [0x28150000, 0x2e7435e0, 0x2e743600, 0x32c00000)
 compacting perm gen  total 12288K, used 1809K [0x32c00000, 0x33800000, 0x36c00000)
   the space 12288K,  14% used [0x32c00000, 0x32dc44d0, 0x32dc4600, 0x33800000)
    ro space 10240K,  42% used [0x36c00000, 0x37036058, 0x37036200, 0x37600000)
    rw space 12288K,  51% used [0x37600000, 0x37c3bdb0, 0x37c3be00, 0x38200000)
Event: 287.741 GC heap after
Heap after GC invocations=476 (full 141):
 def new generation   total 78656K, used 8704K [0x22c00000, 0x28150000, 0x28150000)
  eden space 69952K,   0% used [0x22c00000, 0x22c00000, 0x27050000)
  from space 8704K, 100% used [0x278d0000, 0x28150000, 0x28150000)
  to   space 8704K,   0% used [0x27050000, 0x27050000, 0x278d0000)
 tenured generation   total 174784K, used 139648K [0x28150000, 0x32c00000, 0x32c00000)
   the space 174784K,  79% used [0x28150000, 0x309b0100, 0x309b0200, 0x32c00000)
 compacting perm gen  total 12288K, used 1809K [0x32c00000, 0x33800000, 0x36c00000)
   the space 12288K,  14% used [0x32c00000, 0x32dc44d0, 0x32dc4600, 0x33800000)
    ro space 10240K,  42% used [0x36c00000, 0x37036058, 0x37036200, 0x37600000)
    rw space 12288K,  51% used [0x37600000, 0x37c3bdb0, 0x37c3be00, 0x38200000)
}
Event: 288.081 GC heap before
{Heap before GC invocations=476 (full 141):
 def new generation   total 78656K, used 78656K [0x22c00000, 0x28150000, 0x28150000)
  eden space 69952K, 100% used [0x22c00000, 0x27050000, 0x27050000)
  from space 8704K, 100% used [0x278d0000, 0x28150000, 0x28150000)
  to   space 8704K,   0% used [0x27050000, 0x27050000, 0x278d0000)
 tenured generation   total 174784K, used 139648K [0x28150000, 0x32c00000, 0x32c00000)
   the space 174784K,  79% used [0x28150000, 0x309b0100, 0x309b0200, 0x32c00000)
 compacting perm gen  total 12288K, used 1809K [0x32c00000, 0x33800000, 0x36c00000)
   the space 12288K,  14% used [0x32c00000, 0x32dc44d0, 0x32dc4600, 0x33800000)
    ro space 10240K,  42% used [0x36c00000, 0x37036058, 0x37036200, 0x37600000)
    rw space 12288K,  51% used [0x37600000, 0x37c3bdb0, 0x37c3be00, 0x38200000)

