# JRE version: Java(TM) SE Runtime Environment (7.0_79-b15) (build 1.7.0_79-b15)
# Java VM: Java HotSpot(TM) Client VM (24.79-b02 mixed mode, sharing windows-x86 )
Heap
 def new generation   total 70848K, used 70848K [0x22c00000, 0x278e0000, 0x28150000)
  eden space 62976K, 100% used [0x22c00000, 0x26980000, 0x26980000)
  from space 7872K, 100% used [0x26980000, 0x27130000, 0x27130000)
  to   space 7872K, 100% used [0x27130000, 0x278e0000, 0x278e0000)
 tenured generation   total 157396K, used 138765K [0x28150000, 0x31b05000, 0x32c00000)
   the space 157396K,  88% used [0x28150000, 0x308d3660, 0x308d3800, 0x31b05000)
 compacting perm gen  total 12288K, used 1809K [0x32c00000, 0x33800000, 0x36c00000)
   the space 12288K,  14% used [0x32c00000, 0x32dc4748, 0x32dc4800, 0x33800000)
    ro space 10240K,  42% used [0x36c00000, 0x37036058, 0x37036200, 0x37600000)
    rw space 12288K,  51% used [0x37600000, 0x37c3bdb0, 0x37c3be00, 0x38200000)
GC Heap History (10 events):
Event: 58.295 GC heap after
Heap after GC invocations=103 (full 29):
 def new generation   total 70848K, used 7871K [0x22c00000, 0x278e0000, 0x28150000)
  eden space 62976K,   0% used [0x22c00000, 0x22c00000, 0x26980000)
  from space 7872K,  99% used [0x26980000, 0x2712fff8, 0x27130000)
  to   space 7872K,   0% used [0x27130000, 0x27130000, 0x278e0000)
 tenured generation   total 157396K, used 98557K [0x28150000, 0x31b05000, 0x32c00000)
   the space 157396K,  62% used [0x28150000, 0x2e18f6a8, 0x2e18f800, 0x31b05000)
 compacting perm gen  total 12288K, used 1809K [0x32c00000, 0x33800000, 0x36c00000)
   the space 12288K,  14% used [0x32c00000, 0x32dc4738, 0x32dc4800, 0x33800000)
    ro space 10240K,  42% used [0x36c00000, 0x37036058, 0x37036200, 0x37600000)
    rw space 12288K,  51% used [0x37600000, 0x37c3bdb0, 0x37c3be00, 0x38200000)
}
Event: 58.946 GC heap before
{Heap before GC invocations=103 (full 29):
 def new generation   total 70848K, used 69603K [0x22c00000, 0x278e0000, 0x28150000)
  eden space 62976K,  98% used [0x22c00000, 0x26848f60, 0x26980000)
  from space 7872K,  99% used [0x26980000, 0x2712fff8, 0x27130000)
  to   space 7872K,   0% used [0x27130000, 0x27130000, 0x278e0000)
 tenured generation   total 157396K, used 98557K [0x28150000, 0x31b05000, 0x32c00000)
   the space 157396K,  62% used [0x28150000, 0x2e18f6a8, 0x2e18f800, 0x31b05000)
 compacting perm gen  total 12288K, used 1809K [0x32c00000, 0x33800000, 0x36c00000)
   the space 12288K,  14% used [0x32c00000, 0x32dc4748, 0x32dc4800, 0x33800000)
    ro space 10240K,  42% used [0x36c00000, 0x37036058, 0x37036200, 0x37600000)
    rw space 12288K,  51% used [0x37600000, 0x37c3bdb0, 0x37c3be00, 0x38200000)
Event: 59.117 GC heap after
Heap after GC invocations=104 (full 29):
 def new generation   total 70848K, used 7872K [0x22c00000, 0x278e0000, 0x28150000)
  eden space 62976K,   0% used [0x22c00000, 0x22c00000, 0x26980000)
  from space 7872K, 100% used [0x27130000, 0x278e0000, 0x278e0000)
  to   space 7872K,   0% used [0x26980000, 0x26980000, 0x27130000)
 tenured generation   total 157396K, used 128182K [0x28150000, 0x31b05000, 0x32c00000)
   the space 157396K,  81% used [0x28150000, 0x2fe7d828, 0x2fe7da00, 0x31b05000)
 compacting perm gen  total 12288K, used 1809K [0x32c00000, 0x33800000, 0x36c00000)
   the space 12288K,  14% used [0x32c00000, 0x32dc4748, 0x32dc4800, 0x33800000)
    ro space 10240K,  42% used [0x36c00000, 0x37036058, 0x37036200, 0x37600000)
    rw space 12288K,  51% used [0x37600000, 0x37c3bdb0, 0x37c3be00, 0x38200000)
}
Event: 59.372 GC heap before
{Heap before GC invocations=104 (full 29):
 def new generation   total 70848K, used 70848K [0x22c00000, 0x278e0000, 0x28150000)
  eden space 62976K, 100% used [0x22c00000, 0x26980000, 0x26980000)
  from space 7872K, 100% used [0x27130000, 0x278e0000, 0x278e0000)
  to   space 7872K,   0% used [0x26980000, 0x26980000, 0x27130000)
 tenured generation   total 157396K, used 128182K [0x28150000, 0x31b05000, 0x32c00000)
   the space 157396K,  81% used [0x28150000, 0x2fe7d828, 0x2fe7da00, 0x31b05000)
 compacting perm gen  total 12288K, used 1809K [0x32c00000, 0x33800000, 0x36c00000)
   the space 12288K,  14% used [0x32c00000, 0x32dc4748, 0x32dc4800, 0x33800000)
    ro space 10240K,  42% used [0x36c00000, 0x37036058, 0x37036200, 0x37600000)
    rw space 12288K,  51% used [0x37600000, 0x37c3bdb0, 0x37c3be00, 0x38200000)
Event: 59.817 GC heap after
Heap after GC invocations=105 (full 30):
 def new generation   total 70848K, used 0K [0x22c00000, 0x278e0000, 0x28150000)
  eden space 62976K,   0% used [0x22c00000, 0x22c00000, 0x26980000)
  from space 7872K,   0% used [0x26980000, 0x26980000, 0x27130000)
  to   space 7872K,   0% used [0x27130000, 0x27130000, 0x278e0000)
 tenured generation   total 157396K, used 52209K [0x28150000, 0x31b05000, 0x32c00000)
   the space 157396K,  33% used [0x28150000, 0x2b44c4d0, 0x2b44c600, 0x31b05000)
 compacting perm gen  total 12288K, used 1809K [0x32c00000, 0x33800000, 0x36c00000)
   the space 12288K,  14% used [0x32c00000, 0x32dc4748, 0x32dc4800, 0x33800000)
    ro space 10240K,  42% used [0x36c00000, 0x37036058, 0x37036200, 0x37600000)
    rw space 12288K,  51% used [0x37600000, 0x37c3bdb0, 0x37c3be00, 0x38200000)
}
Event: 60.093 GC heap before
{Heap before GC invocations=105 (full 30):
 def new generation   total 70848K, used 62976K [0x22c00000, 0x278e0000, 0x28150000)
  eden space 62976K, 100% used [0x22c00000, 0x26980000, 0x26980000)
  from space 7872K,   0% used [0x26980000, 0x26980000, 0x27130000)
  to   space 7872K,   0% used [0x27130000, 0x27130000, 0x278e0000)
 tenured generation   total 157396K, used 52209K [0x28150000, 0x31b05000, 0x32c00000)
   the space 157396K,  33% used [0x28150000, 0x2b44c4d0, 0x2b44c600, 0x31b05000)
 compacting perm gen  total 12288K, used 1809K [0x32c00000, 0x33800000, 0x36c00000)
   the space 12288K,  14% used [0x32c00000, 0x32dc4748, 0x32dc4800, 0x33800000)
    ro space 10240K,  42% used [0x36c00000, 0x37036058, 0x37036200, 0x37600000)
    rw space 12288K,  51% used [0x37600000, 0x37c3bdb0, 0x37c3be00, 0x38200000)
Event: 60.290 GC heap after
Heap after GC invocations=106 (full 30):
 def new generation   total 70848K, used 7872K [0x22c00000, 0x278e0000, 0x28150000)
  eden space 62976K,   0% used [0x22c00000, 0x22c00000, 0x26980000)
  from space 7872K, 100% used [0x27130000, 0x278e0000, 0x278e0000)
  to   space 7872K,   0% used [0x26980000, 0x26980000, 0x27130000)
 tenured generation   total 157396K, used 81908K [0x28150000, 0x31b05000, 0x32c00000)
   the space 157396K,  52% used [0x28150000, 0x2d14d330, 0x2d14d400, 0x31b05000)
 compacting perm gen  total 12288K, used 1809K [0x32c00000, 0x33800000, 0x36c00000)
   the space 12288K,  14% used [0x32c00000, 0x32dc4748, 0x32dc4800, 0x33800000)
    ro space 10240K,  42% used [0x36c00000, 0x37036058, 0x37036200, 0x37600000)
    rw space 12288K,  51% used [0x37600000, 0x37c3bdb0, 0x37c3be00, 0x38200000)
}
Event: 60.602 GC heap before
{Heap before GC invocations=106 (full 30):
 def new generation   total 70848K, used 70848K [0x22c00000, 0x278e0000, 0x28150000)
  eden space 62976K, 100% used [0x22c00000, 0x26980000, 0x26980000)
  from space 7872K, 100% used [0x27130000, 0x278e0000, 0x278e0000)
  to   space 7872K,   0% used [0x26980000, 0x26980000, 0x27130000)
 tenured generation   total 157396K, used 81908K [0x28150000, 0x31b05000, 0x32c00000)
   the space 157396K,  52% used [0x28150000, 0x2d14d330, 0x2d14d400, 0x31b05000)
 compacting perm gen  total 12288K, used 1809K [0x32c00000, 0x33800000, 0x36c00000)
   the space 12288K,  14% used [0x32c00000, 0x32dc4748, 0x32dc4800, 0x33800000)
    ro space 10240K,  42% used [0x36c00000, 0x37036058, 0x37036200, 0x37600000)
    rw space 12288K,  51% used [0x37600000, 0x37c3bdb0, 0x37c3be00, 0x38200000)
Event: 60.797 GC heap after
Heap after GC invocations=107 (full 30):
 def new generation   total 70848K, used 7872K [0x22c00000, 0x278e0000, 0x28150000)
  eden space 62976K,   0% used [0x22c00000, 0x22c00000, 0x26980000)
  from space 7872K, 100% used [0x26980000, 0x27130000, 0x27130000)
  to   space 7872K,   0% used [0x27130000, 0x27130000, 0x278e0000)
 tenured generation   total 157396K, used 111651K [0x28150000, 0x31b05000, 0x32c00000)
   the space 157396K,  70% used [0x28150000, 0x2ee58d00, 0x2ee58e00, 0x31b05000)
 compacting perm gen  total 12288K, used 1809K [0x32c00000, 0x33800000, 0x36c00000)
   the space 12288K,  14% used [0x32c00000, 0x32dc4748, 0x32dc4800, 0x33800000)
    ro space 10240K,  42% used [0x36c00000, 0x37036058, 0x37036200, 0x37600000)
    rw space 12288K,  51% used [0x37600000, 0x37c3bdb0, 0x37c3be00, 0x38200000)
}
Event: 61.100 GC heap before
{Heap before GC invocations=107 (full 30):
 def new generation   total 70848K, used 70848K [0x22c00000, 0x278e0000, 0x28150000)
  eden space 62976K, 100% used [0x22c00000, 0x26980000, 0x26980000)
  from space 7872K, 100% used [0x26980000, 0x27130000, 0x27130000)
  to   space 7872K,   0% used [0x27130000, 0x27130000, 0x278e0000)
 tenured generation   total 157396K, used 111651K [0x28150000, 0x31b05000, 0x32c00000)
   the space 157396K,  70% used [0x28150000, 0x2ee58d00, 0x2ee58e00, 0x31b05000)
 compacting perm gen  total 12288K, used 1809K [0x32c00000, 0x33800000, 0x36c00000)
   the space 12288K,  14% used [0x32c00000, 0x32dc4748, 0x32dc4800, 0x33800000)
    ro space 10240K,  42% used [0x36c00000, 0x37036058, 0x37036200, 0x37600000)
    rw space 12288K,  51% used [0x37600000, 0x37c3bdb0, 0x37c3be00, 0x38200000)

