# JRE version: Java(TM) SE Runtime Environment (7.0_79-b15) (build 1.7.0_79-b15)
# Java VM: Java HotSpot(TM) Client VM (24.79-b02 mixed mode, sharing windows-x86 )
Heap
 def new generation   total 64512K, used 64512K [0x22c00000, 0x271f0000, 0x28150000)
  eden space 57408K, 100% used [0x22c00000, 0x26410000, 0x26410000)
  from space 7104K, 100% used [0x26410000, 0x26b00000, 0x26b00000)
  to   space 7104K, 100% used [0x26b00000, 0x271f0000, 0x271f0000)
 tenured generation   total 143308K, used 143259K [0x28150000, 0x30d43000, 0x32c00000)
   the space 143308K,  99% used [0x28150000, 0x30d36ef0, 0x30d37000, 0x30d43000)
 compacting perm gen  total 12288K, used 1809K [0x32c00000, 0x33800000, 0x36c00000)
   the space 12288K,  14% used [0x32c00000, 0x32dc4590, 0x32dc4600, 0x33800000)
    ro space 10240K,  42% used [0x36c00000, 0x37036058, 0x37036200, 0x37600000)
    rw space 12288K,  51% used [0x37600000, 0x37c3bdb0, 0x37c3be00, 0x38200000)
GC Heap History (10 events):
Event: 647.896 GC heap after
Heap after GC invocations=1101 (full 292):
 def new generation   total 64512K, used 0K [0x22c00000, 0x271f0000, 0x28150000)
  eden space 57408K,   0% used [0x22c00000, 0x22c00000, 0x26410000)
  from space 7104K,   0% used [0x26410000, 0x26410000, 0x26b00000)
  to   space 7104K,   0% used [0x26b00000, 0x26b00000, 0x271f0000)
 tenured generation   total 143180K, used 36071K [0x28150000, 0x30d23000, 0x32c00000)
   the space 143180K,  25% used [0x28150000, 0x2a489f58, 0x2a48a000, 0x30d23000)
 compacting perm gen  total 12288K, used 1809K [0x32c00000, 0x33800000, 0x36c00000)
   the space 12288K,  14% used [0x32c00000, 0x32dc4590, 0x32dc4600, 0x33800000)
    ro space 10240K,  42% used [0x36c00000, 0x37036058, 0x37036200, 0x37600000)
    rw space 12288K,  51% used [0x37600000, 0x37c3bdb0, 0x37c3be00, 0x38200000)
}
Event: 648.164 GC heap before
{Heap before GC invocations=1101 (full 292):
 def new generation   total 64512K, used 57408K [0x22c00000, 0x271f0000, 0x28150000)
  eden space 57408K, 100% used [0x22c00000, 0x26410000, 0x26410000)
  from space 7104K,   0% used [0x26410000, 0x26410000, 0x26b00000)
  to   space 7104K,   0% used [0x26b00000, 0x26b00000, 0x271f0000)
 tenured generation   total 143180K, used 36071K [0x28150000, 0x30d23000, 0x32c00000)
   the space 143180K,  25% used [0x28150000, 0x2a489f58, 0x2a48a000, 0x30d23000)
 compacting perm gen  total 12288K, used 1809K [0x32c00000, 0x33800000, 0x36c00000)
   the space 12288K,  14% used [0x32c00000, 0x32dc4590, 0x32dc4600, 0x33800000)
    ro space 10240K,  42% used [0x36c00000, 0x37036058, 0x37036200, 0x37600000)
    rw space 12288K,  51% used [0x37600000, 0x37c3bdb0, 0x37c3be00, 0x38200000)
Event: 648.338 GC heap after
Heap after GC invocations=1102 (full 292):
 def new generation   total 64512K, used 7104K [0x22c00000, 0x271f0000, 0x28150000)
  eden space 57408K,   0% used [0x22c00000, 0x22c00000, 0x26410000)
  from space 7104K, 100% used [0x26b00000, 0x271f0000, 0x271f0000)
  to   space 7104K,   0% used [0x26410000, 0x26410000, 0x26b00000)
 tenured generation   total 143180K, used 58994K [0x28150000, 0x30d23000, 0x32c00000)
   the space 143180K,  41% used [0x28150000, 0x2baec998, 0x2baeca00, 0x30d23000)
 compacting perm gen  total 12288K, used 1809K [0x32c00000, 0x33800000, 0x36c00000)
   the space 12288K,  14% used [0x32c00000, 0x32dc4590, 0x32dc4600, 0x33800000)
    ro space 10240K,  42% used [0x36c00000, 0x37036058, 0x37036200, 0x37600000)
    rw space 12288K,  51% used [0x37600000, 0x37c3bdb0, 0x37c3be00, 0x38200000)
}
Event: 648.584 GC heap before
{Heap before GC invocations=1102 (full 292):
 def new generation   total 64512K, used 64512K [0x22c00000, 0x271f0000, 0x28150000)
  eden space 57408K, 100% used [0x22c00000, 0x26410000, 0x26410000)
  from space 7104K, 100% used [0x26b00000, 0x271f0000, 0x271f0000)
  to   space 7104K,   0% used [0x26410000, 0x26410000, 0x26b00000)
 tenured generation   total 143180K, used 58994K [0x28150000, 0x30d23000, 0x32c00000)
   the space 143180K,  41% used [0x28150000, 0x2baec998, 0x2baeca00, 0x30d23000)
 compacting perm gen  total 12288K, used 1809K [0x32c00000, 0x33800000, 0x36c00000)
   the space 12288K,  14% used [0x32c00000, 0x32dc4590, 0x32dc4600, 0x33800000)
    ro space 10240K,  42% used [0x36c00000, 0x37036058, 0x37036200, 0x37600000)
    rw space 12288K,  51% used [0x37600000, 0x37c3bdb0, 0x37c3be00, 0x38200000)
Event: 648.753 GC heap after
Heap after GC invocations=1103 (full 292):
 def new generation   total 64512K, used 7104K [0x22c00000, 0x271f0000, 0x28150000)
  eden space 57408K,   0% used [0x22c00000, 0x22c00000, 0x26410000)
  from space 7104K, 100% used [0x26410000, 0x26b00000, 0x26b00000)
  to   space 7104K,   0% used [0x26b00000, 0x26b00000, 0x271f0000)
 tenured generation   total 143180K, used 87480K [0x28150000, 0x30d23000, 0x32c00000)
   the space 143180K,  61% used [0x28150000, 0x2d6be270, 0x2d6be400, 0x30d23000)
 compacting perm gen  total 12288K, used 1809K [0x32c00000, 0x33800000, 0x36c00000)
   the space 12288K,  14% used [0x32c00000, 0x32dc4590, 0x32dc4600, 0x33800000)
    ro space 10240K,  42% used [0x36c00000, 0x37036058, 0x37036200, 0x37600000)
    rw space 12288K,  51% used [0x37600000, 0x37c3bdb0, 0x37c3be00, 0x38200000)
}
Event: 649.034 GC heap before
{Heap before GC invocations=1103 (full 292):
 def new generation   total 64512K, used 64512K [0x22c00000, 0x271f0000, 0x28150000)
  eden space 57408K, 100% used [0x22c00000, 0x26410000, 0x26410000)
  from space 7104K, 100% used [0x26410000, 0x26b00000, 0x26b00000)
  to   space 7104K,   0% used [0x26b00000, 0x26b00000, 0x271f0000)
 tenured generation   total 143180K, used 87480K [0x28150000, 0x30d23000, 0x32c00000)
   the space 143180K,  61% used [0x28150000, 0x2d6be270, 0x2d6be400, 0x30d23000)
 compacting perm gen  total 12288K, used 1809K [0x32c00000, 0x33800000, 0x36c00000)
   the space 12288K,  14% used [0x32c00000, 0x32dc4590, 0x32dc4600, 0x33800000)
    ro space 10240K,  42% used [0x36c00000, 0x37036058, 0x37036200, 0x37600000)
    rw space 12288K,  51% used [0x37600000, 0x37c3bdb0, 0x37c3be00, 0x38200000)
Event: 649.149 GC heap after
Heap after GC invocations=1104 (full 292):
 def new generation   total 64512K, used 7104K [0x22c00000, 0x271f0000, 0x28150000)
  eden space 57408K,   0% used [0x22c00000, 0x22c00000, 0x26410000)
  from space 7104K, 100% used [0x26b00000, 0x271f0000, 0x271f0000)
  to   space 7104K,   0% used [0x26410000, 0x26410000, 0x26b00000)
 tenured generation   total 143180K, used 113467K [0x28150000, 0x30d23000, 0x32c00000)
   the space 143180K,  79% used [0x28150000, 0x2f01ec80, 0x2f01ee00, 0x30d23000)
 compacting perm gen  total 12288K, used 1809K [0x32c00000, 0x33800000, 0x36c00000)
   the space 12288K,  14% used [0x32c00000, 0x32dc4590, 0x32dc4600, 0x33800000)
    ro space 10240K,  42% used [0x36c00000, 0x37036058, 0x37036200, 0x37600000)
    rw space 12288K,  51% used [0x37600000, 0x37c3bdb0, 0x37c3be00, 0x38200000)
}
Event: 649.678 GC heap before
{Heap before GC invocations=1104 (full 292):
 def new generation   total 64512K, used 62818K [0x22c00000, 0x271f0000, 0x28150000)
  eden space 57408K,  97% used [0x22c00000, 0x26268830, 0x26410000)
  from space 7104K, 100% used [0x26b00000, 0x271f0000, 0x271f0000)
  to   space 7104K,   0% used [0x26410000, 0x26410000, 0x26b00000)
 tenured generation   total 143180K, used 113467K [0x28150000, 0x30d23000, 0x32c00000)
   the space 143180K,  79% used [0x28150000, 0x2f01ec80, 0x2f01ee00, 0x30d23000)
 compacting perm gen  total 12288K, used 1809K [0x32c00000, 0x33800000, 0x36c00000)
   the space 12288K,  14% used [0x32c00000, 0x32dc4590, 0x32dc4600, 0x33800000)
    ro space 10240K,  42% used [0x36c00000, 0x37036058, 0x37036200, 0x37600000)
    rw space 12288K,  51% used [0x37600000, 0x37c3bdb0, 0x37c3be00, 0x38200000)
Event: 649.719 GC heap after
Heap after GC invocations=1105 (full 292):
 def new generation   total 64512K, used 7104K [0x22c00000, 0x271f0000, 0x28150000)
  eden space 57408K,   0% used [0x22c00000, 0x22c00000, 0x26410000)
  from space 7104K, 100% used [0x26410000, 0x26b00000, 0x26b00000)
  to   space 7104K,   0% used [0x26b00000, 0x26b00000, 0x271f0000)
 tenured generation   total 143180K, used 121673K [0x28150000, 0x30d23000, 0x32c00000)
   the space 143180K,  84% used [0x28150000, 0x2f8225e8, 0x2f822600, 0x30d23000)
 compacting perm gen  total 12288K, used 1809K [0x32c00000, 0x33800000, 0x36c00000)
   the space 12288K,  14% used [0x32c00000, 0x32dc4590, 0x32dc4600, 0x33800000)
    ro space 10240K,  42% used [0x36c00000, 0x37036058, 0x37036200, 0x37600000)
    rw space 12288K,  51% used [0x37600000, 0x37c3bdb0, 0x37c3be00, 0x38200000)
}
Event: 650.336 GC heap before
{Heap before GC invocations=1105 (full 292):
 def new generation   total 64512K, used 64512K [0x22c00000, 0x271f0000, 0x28150000)
  eden space 57408K, 100% used [0x22c00000, 0x26410000, 0x26410000)
  from space 7104K, 100% used [0x26410000, 0x26b00000, 0x26b00000)
  to   space 7104K,   0% used [0x26b00000, 0x26b00000, 0x271f0000)
 tenured generation   total 143180K, used 121673K [0x28150000, 0x30d23000, 0x32c00000)
   the space 143180K,  84% used [0x28150000, 0x2f8225e8, 0x2f822600, 0x30d23000)
 compacting perm gen  total 12288K, used 1809K [0x32c00000, 0x33800000, 0x36c00000)
   the space 12288K,  14% used [0x32c00000, 0x32dc4590, 0x32dc4600, 0x33800000)
    ro space 10240K,  42% used [0x36c00000, 0x37036058, 0x37036200, 0x37600000)
    rw space 12288K,  51% used [0x37600000, 0x37c3bdb0, 0x37c3be00, 0x38200000)

