# JRE version: Java(TM) SE Runtime Environment (7.0_79-b15) (build 1.7.0_79-b15)
# Java VM: Java HotSpot(TM) Client VM (24.79-b02 mixed mode, sharing windows-x86 )
Heap
 def new generation   total 78656K, used 78656K [0x22c00000, 0x28150000, 0x28150000)
  eden space 69952K, 100% used [0x22c00000, 0x27050000, 0x27050000)
  from space 8704K, 100% used [0x278d0000, 0x28150000, 0x28150000)
  to   space 8704K, 100% used [0x27050000, 0x278d0000, 0x278d0000)
 tenured generation   total 174784K, used 134461K [0x28150000, 0x32c00000, 0x32c00000)
   the space 174784K,  76% used [0x28150000, 0x3049f560, 0x3049f600, 0x32c00000)
 compacting perm gen  total 12288K, used 1809K [0x32c00000, 0x33800000, 0x36c00000)
   the space 12288K,  14% used [0x32c00000, 0x32dc44d0, 0x32dc4600, 0x33800000)
    ro space 10240K,  42% used [0x36c00000, 0x37036058, 0x37036200, 0x37600000)
    rw space 12288K,  51% used [0x37600000, 0x37c3bdb0, 0x37c3be00, 0x38200000)
GC Heap History (10 events):
Event: 292.597 GC heap after
Heap after GC invocations=458 (full 136):
 def new generation   total 78656K, used 8704K [0x22c00000, 0x28150000, 0x28150000)
  eden space 69952K,   0% used [0x22c00000, 0x22c00000, 0x27050000)
  from space 8704K, 100% used [0x27050000, 0x278d0000, 0x278d0000)
  to   space 8704K,   0% used [0x278d0000, 0x278d0000, 0x28150000)
 tenured generation   total 174784K, used 88745K [0x28150000, 0x32c00000, 0x32c00000)
   the space 174784K,  50% used [0x28150000, 0x2d7fa658, 0x2d7fa800, 0x32c00000)
 compacting perm gen  total 12288K, used 1809K [0x32c00000, 0x33800000, 0x36c00000)
   the space 12288K,  14% used [0x32c00000, 0x32dc44d0, 0x32dc4600, 0x33800000)
    ro space 10240K,  42% used [0x36c00000, 0x37036058, 0x37036200, 0x37600000)
    rw space 12288K,  51% used [0x37600000, 0x37c3bdb0, 0x37c3be00, 0x38200000)
}
Event: 292.955 GC heap before
{Heap before GC invocations=458 (full 136):
 def new generation   total 78656K, used 78656K [0x22c00000, 0x28150000, 0x28150000)
  eden space 69952K, 100% used [0x22c00000, 0x27050000, 0x27050000)
  from space 8704K, 100% used [0x27050000, 0x278d0000, 0x278d0000)
  to   space 8704K,   0% used [0x278d0000, 0x278d0000, 0x28150000)
 tenured generation   total 174784K, used 88745K [0x28150000, 0x32c00000, 0x32c00000)
   the space 174784K,  50% used [0x28150000, 0x2d7fa658, 0x2d7fa800, 0x32c00000)
 compacting perm gen  total 12288K, used 1809K [0x32c00000, 0x33800000, 0x36c00000)
   the space 12288K,  14% used [0x32c00000, 0x32dc44d0, 0x32dc4600, 0x33800000)
    ro space 10240K,  42% used [0x36c00000, 0x37036058, 0x37036200, 0x37600000)
    rw space 12288K,  51% used [0x37600000, 0x37c3bdb0, 0x37c3be00, 0x38200000)
Event: 293.137 GC heap after
Heap after GC invocations=459 (full 136):
 def new generation   total 78656K, used 8703K [0x22c00000, 0x28150000, 0x28150000)
  eden space 69952K,   0% used [0x22c00000, 0x22c00000, 0x27050000)
  from space 8704K,  99% used [0x278d0000, 0x2814fff8, 0x28150000)
  to   space 8704K,   0% used [0x27050000, 0x27050000, 0x278d0000)
 tenured generation   total 174784K, used 120105K [0x28150000, 0x32c00000, 0x32c00000)
   the space 174784K,  68% used [0x28150000, 0x2f69a5e0, 0x2f69a600, 0x32c00000)
 compacting perm gen  total 12288K, used 1809K [0x32c00000, 0x33800000, 0x36c00000)
   the space 12288K,  14% used [0x32c00000, 0x32dc44d0, 0x32dc4600, 0x33800000)
    ro space 10240K,  42% used [0x36c00000, 0x37036058, 0x37036200, 0x37600000)
    rw space 12288K,  51% used [0x37600000, 0x37c3bdb0, 0x37c3be00, 0x38200000)
}
Event: 293.507 GC heap before
{Heap before GC invocations=459 (full 136):
 def new generation   total 78656K, used 78655K [0x22c00000, 0x28150000, 0x28150000)
  eden space 69952K, 100% used [0x22c00000, 0x27050000, 0x27050000)
  from space 8704K,  99% used [0x278d0000, 0x2814fff8, 0x28150000)
  to   space 8704K,   0% used [0x27050000, 0x27050000, 0x278d0000)
 tenured generation   total 174784K, used 120105K [0x28150000, 0x32c00000, 0x32c00000)
   the space 174784K,  68% used [0x28150000, 0x2f69a5e0, 0x2f69a600, 0x32c00000)
 compacting perm gen  total 12288K, used 1809K [0x32c00000, 0x33800000, 0x36c00000)
   the space 12288K,  14% used [0x32c00000, 0x32dc44d0, 0x32dc4600, 0x33800000)
    ro space 10240K,  42% used [0x36c00000, 0x37036058, 0x37036200, 0x37600000)
    rw space 12288K,  51% used [0x37600000, 0x37c3bdb0, 0x37c3be00, 0x38200000)
Event: 293.753 GC heap after
Heap after GC invocations=460 (full 136):
 def new generation   total 78656K, used 8704K [0x22c00000, 0x28150000, 0x28150000)
  eden space 69952K,   0% used [0x22c00000, 0x22c00000, 0x27050000)
  from space 8704K, 100% used [0x27050000, 0x278d0000, 0x278d0000)
  to   space 8704K,   0% used [0x278d0000, 0x278d0000, 0x28150000)
 tenured generation   total 174784K, used 156186K [0x28150000, 0x32c00000, 0x32c00000)
   the space 174784K,  89% used [0x28150000, 0x319d6bf8, 0x319d6c00, 0x32c00000)
 compacting perm gen  total 12288K, used 1809K [0x32c00000, 0x33800000, 0x36c00000)
   the space 12288K,  14% used [0x32c00000, 0x32dc44d0, 0x32dc4600, 0x33800000)
    ro space 10240K,  42% used [0x36c00000, 0x37036058, 0x37036200, 0x37600000)
    rw space 12288K,  51% used [0x37600000, 0x37c3bdb0, 0x37c3be00, 0x38200000)
}
Event: 294.029 GC heap before
{Heap before GC invocations=460 (full 136):
 def new generation   total 78656K, used 74658K [0x22c00000, 0x28150000, 0x28150000)
  eden space 69952K,  94% used [0x22c00000, 0x26c68b18, 0x27050000)
  from space 8704K, 100% used [0x27050000, 0x278d0000, 0x278d0000)
  to   space 8704K,   0% used [0x278d0000, 0x278d0000, 0x28150000)
 tenured generation   total 174784K, used 156186K [0x28150000, 0x32c00000, 0x32c00000)
   the space 174784K,  89% used [0x28150000, 0x319d6bf8, 0x319d6c00, 0x32c00000)
 compacting perm gen  total 12288K, used 1809K [0x32c00000, 0x33800000, 0x36c00000)
   the space 12288K,  14% used [0x32c00000, 0x32dc44d0, 0x32dc4600, 0x33800000)
    ro space 10240K,  42% used [0x36c00000, 0x37036058, 0x37036200, 0x37600000)
    rw space 12288K,  51% used [0x37600000, 0x37c3bdb0, 0x37c3be00, 0x38200000)
Event: 294.537 GC heap after
Heap after GC invocations=461 (full 137):
 def new generation   total 78656K, used 0K [0x22c00000, 0x28150000, 0x28150000)
  eden space 69952K,   0% used [0x22c00000, 0x22c00000, 0x27050000)
  from space 8704K,   0% used [0x27050000, 0x27050000, 0x278d0000)
  to   space 8704K,   0% used [0x278d0000, 0x278d0000, 0x28150000)
 tenured generation   total 174784K, used 81596K [0x28150000, 0x32c00000, 0x32c00000)
   the space 174784K,  46% used [0x28150000, 0x2d0ff168, 0x2d0ff200, 0x32c00000)
 compacting perm gen  total 12288K, used 1809K [0x32c00000, 0x33800000, 0x36c00000)
   the space 12288K,  14% used [0x32c00000, 0x32dc44d0, 0x32dc4600, 0x33800000)
    ro space 10240K,  42% used [0x36c00000, 0x37036058, 0x37036200, 0x37600000)
    rw space 12288K,  51% used [0x37600000, 0x37c3bdb0, 0x37c3be00, 0x38200000)
}
Event: 294.855 GC heap before
{Heap before GC invocations=461 (full 137):
 def new generation   total 78656K, used 69952K [0x22c00000, 0x28150000, 0x28150000)
  eden space 69952K, 100% used [0x22c00000, 0x27050000, 0x27050000)
  from space 8704K,   0% used [0x27050000, 0x27050000, 0x278d0000)
  to   space 8704K,   0% used [0x278d0000, 0x278d0000, 0x28150000)
 tenured generation   total 174784K, used 81596K [0x28150000, 0x32c00000, 0x32c00000)
   the space 174784K,  46% used [0x28150000, 0x2d0ff168, 0x2d0ff200, 0x32c00000)
 compacting perm gen  total 12288K, used 1809K [0x32c00000, 0x33800000, 0x36c00000)
   the space 12288K,  14% used [0x32c00000, 0x32dc44d0, 0x32dc4600, 0x33800000)
    ro space 10240K,  42% used [0x36c00000, 0x37036058, 0x37036200, 0x37600000)
    rw space 12288K,  51% used [0x37600000, 0x37c3bdb0, 0x37c3be00, 0x38200000)
Event: 295.016 GC heap after
Heap after GC invocations=462 (full 137):
 def new generation   total 78656K, used 8704K [0x22c00000, 0x28150000, 0x28150000)
  eden space 69952K,   0% used [0x22c00000, 0x22c00000, 0x27050000)
  from space 8704K, 100% used [0x278d0000, 0x28150000, 0x28150000)
  to   space 8704K,   0% used [0x27050000, 0x27050000, 0x278d0000)
 tenured generation   total 174784K, used 108524K [0x28150000, 0x32c00000, 0x32c00000)
   the space 174784K,  62% used [0x28150000, 0x2eb4b138, 0x2eb4b200, 0x32c00000)
 compacting perm gen  total 12288K, used 1809K [0x32c00000, 0x33800000, 0x36c00000)
   the space 12288K,  14% used [0x32c00000, 0x32dc44d0, 0x32dc4600, 0x33800000)
    ro space 10240K,  42% used [0x36c00000, 0x37036058, 0x37036200, 0x37600000)
    rw space 12288K,  51% used [0x37600000, 0x37c3bdb0, 0x37c3be00, 0x38200000)
}
Event: 295.345 GC heap before
{Heap before GC invocations=462 (full 137):
 def new generation   total 78656K, used 78656K [0x22c00000, 0x28150000, 0x28150000)
  eden space 69952K, 100% used [0x22c00000, 0x27050000, 0x27050000)
  from space 8704K, 100% used [0x278d0000, 0x28150000, 0x28150000)
  to   space 8704K,   0% used [0x27050000, 0x27050000, 0x278d0000)
 tenured generation   total 174784K, used 108524K [0x28150000, 0x32c00000, 0x32c00000)
   the space 174784K,  62% used [0x28150000, 0x2eb4b138, 0x2eb4b200, 0x32c00000)
 compacting perm gen  total 12288K, used 1809K [0x32c00000, 0x33800000, 0x36c00000)
   the space 12288K,  14% used [0x32c00000, 0x32dc44d0, 0x32dc4600, 0x33800000)
    ro space 10240K,  42% used [0x36c00000, 0x37036058, 0x37036200, 0x37600000)
    rw space 12288K,  51% used [0x37600000, 0x37c3bdb0, 0x37c3be00, 0x38200000)

