# JRE version: Java(TM) SE Runtime Environment (7.0_79-b15) (build 1.7.0_79-b15)
# Java VM: Java HotSpot(TM) Client VM (24.79-b02 mixed mode, sharing windows-x86 )
Heap
 def new generation   total 29184K, used 29183K [0x22c00000, 0x24ba0000, 0x28150000)
  eden space 25984K, 100% used [0x22c00000, 0x24560000, 0x24560000)
  from space 3200K,  99% used [0x24880000, 0x24b9fff8, 0x24ba0000)
  to   space 3200K,  99% used [0x24560000, 0x2487fff0, 0x24880000)
 tenured generation   total 64660K, used 57055K [0x28150000, 0x2c075000, 0x32c00000)
   the space 64660K,  88% used [0x28150000, 0x2b907d88, 0x2b907e00, 0x2c075000)
 compacting perm gen  total 12288K, used 672K [0x32c00000, 0x33800000, 0x36c00000)
   the space 12288K,   5% used [0x32c00000, 0x32ca8350, 0x32ca8400, 0x33800000)
    ro space 10240K,  42% used [0x36c00000, 0x37036058, 0x37036200, 0x37600000)
    rw space 12288K,  51% used [0x37600000, 0x37c3bdb0, 0x37c3be00, 0x38200000)
GC Heap History (10 events):
Event: 0.898 GC heap after
Heap after GC invocations=7 (full 2):
 def new generation   total 14784K, used 838K [0x22c00000, 0x23c00000, 0x28150000)
  eden space 13184K,   6% used [0x22c00000, 0x22cd1ab8, 0x238e0000)
  from space 1600K,   0% used [0x238e0000, 0x238e0000, 0x23a70000)
  to   space 1600K,   0% used [0x23a70000, 0x23a70000, 0x23c00000)
 tenured generation   total 32680K, used 19608K [0x28150000, 0x2a13a000, 0x32c00000)
   the space 32680K,  60% used [0x28150000, 0x29476000, 0x29476000, 0x2a13a000)
 compacting perm gen  total 12288K, used 672K [0x32c00000, 0x33800000, 0x36c00000)
   the space 12288K,   5% used [0x32c00000, 0x32ca8350, 0x32ca8400, 0x33800000)
    ro space 10240K,  42% used [0x36c00000, 0x37036058, 0x37036200, 0x37600000)
    rw space 12288K,  51% used [0x37600000, 0x37c3bdb0, 0x37c3be00, 0x38200000)
}
Event: 0.988 GC heap before
{Heap before GC invocations=7 (full 2):
 def new generation   total 14784K, used 13184K [0x22c00000, 0x23c00000, 0x28150000)
  eden space 13184K, 100% used [0x22c00000, 0x238e0000, 0x238e0000)
  from space 1600K,   0% used [0x238e0000, 0x238e0000, 0x23a70000)
  to   space 1600K,   0% used [0x23a70000, 0x23a70000, 0x23c00000)
 tenured generation   total 32680K, used 19608K [0x28150000, 0x2a13a000, 0x32c00000)
   the space 32680K,  60% used [0x28150000, 0x29476000, 0x29476000, 0x2a13a000)
 compacting perm gen  total 12288K, used 672K [0x32c00000, 0x33800000, 0x36c00000)
   the space 12288K,   5% used [0x32c00000, 0x32ca8350, 0x32ca8400, 0x33800000)
    ro space 10240K,  42% used [0x36c00000, 0x37036058, 0x37036200, 0x37600000)
    rw space 12288K,  51% used [0x37600000, 0x37c3bdb0, 0x37c3be00, 0x38200000)
Event: 1.049 GC heap after
Heap after GC invocations=8 (full 2):
 def new generation   total 14784K, used 1600K [0x22c00000, 0x23c00000, 0x28150000)
  eden space 13184K,   0% used [0x22c00000, 0x22c00000, 0x238e0000)
  from space 1600K, 100% used [0x23a70000, 0x23c00000, 0x23c00000)
  to   space 1600K,   0% used [0x238e0000, 0x238e0000, 0x23a70000)
 tenured generation   total 32680K, used 25630K [0x28150000, 0x2a13a000, 0x32c00000)
   the space 32680K,  78% used [0x28150000, 0x29a57b30, 0x29a57c00, 0x2a13a000)
 compacting perm gen  total 12288K, used 672K [0x32c00000, 0x33800000, 0x36c00000)
   the space 12288K,   5% used [0x32c00000, 0x32ca8350, 0x32ca8400, 0x33800000)
    ro space 10240K,  42% used [0x36c00000, 0x37036058, 0x37036200, 0x37600000)
    rw space 12288K,  51% used [0x37600000, 0x37c3bdb0, 0x37c3be00, 0x38200000)
}
Event: 1.118 GC heap before
{Heap before GC invocations=8 (full 2):
 def new generation   total 14784K, used 14784K [0x22c00000, 0x23c00000, 0x28150000)
  eden space 13184K, 100% used [0x22c00000, 0x238e0000, 0x238e0000)
  from space 1600K, 100% used [0x23a70000, 0x23c00000, 0x23c00000)
  to   space 1600K,   0% used [0x238e0000, 0x238e0000, 0x23a70000)
 tenured generation   total 32680K, used 25630K [0x28150000, 0x2a13a000, 0x32c00000)
   the space 32680K,  78% used [0x28150000, 0x29a57b30, 0x29a57c00, 0x2a13a000)
 compacting perm gen  total 12288K, used 672K [0x32c00000, 0x33800000, 0x36c00000)
   the space 12288K,   5% used [0x32c00000, 0x32ca8350, 0x32ca8400, 0x33800000)
    ro space 10240K,  42% used [0x36c00000, 0x37036058, 0x37036200, 0x37600000)
    rw space 12288K,  51% used [0x37600000, 0x37c3bdb0, 0x37c3be00, 0x38200000)
Event: 1.159 GC heap after
Heap after GC invocations=9 (full 2):
 def new generation   total 14784K, used 1600K [0x22c00000, 0x23c00000, 0x28150000)
  eden space 13184K,   0% used [0x22c00000, 0x22c00000, 0x238e0000)
  from space 1600K, 100% used [0x238e0000, 0x23a70000, 0x23a70000)
  to   space 1600K,   0% used [0x23a70000, 0x23a70000, 0x23c00000)
 tenured generation   total 32680K, used 32165K [0x28150000, 0x2a13a000, 0x32c00000)
   the space 32680K,  98% used [0x28150000, 0x2a0b94a0, 0x2a0b9600, 0x2a13a000)
 compacting perm gen  total 12288K, used 672K [0x32c00000, 0x33800000, 0x36c00000)
   the space 12288K,   5% used [0x32c00000, 0x32ca8350, 0x32ca8400, 0x33800000)
    ro space 10240K,  42% used [0x36c00000, 0x37036058, 0x37036200, 0x37600000)
    rw space 12288K,  51% used [0x37600000, 0x37c3bdb0, 0x37c3be00, 0x38200000)
}
Event: 1.242 GC heap before
{Heap before GC invocations=9 (full 2):
 def new generation   total 14784K, used 14784K [0x22c00000, 0x23c00000, 0x28150000)
  eden space 13184K, 100% used [0x22c00000, 0x238e0000, 0x238e0000)
  from space 1600K, 100% used [0x238e0000, 0x23a70000, 0x23a70000)
  to   space 1600K,   0% used [0x23a70000, 0x23a70000, 0x23c00000)
 tenured generation   total 32680K, used 32165K [0x28150000, 0x2a13a000, 0x32c00000)
   the space 32680K,  98% used [0x28150000, 0x2a0b94a0, 0x2a0b9600, 0x2a13a000)
 compacting perm gen  total 12288K, used 672K [0x32c00000, 0x33800000, 0x36c00000)
   the space 12288K,   5% used [0x32c00000, 0x32ca8350, 0x32ca8400, 0x33800000)
    ro space 10240K,  42% used [0x36c00000, 0x37036058, 0x37036200, 0x37600000)
    rw space 12288K,  51% used [0x37600000, 0x37c3bdb0, 0x37c3be00, 0x38200000)
Event: 1.441 GC heap after
Heap after GC invocations=10 (full 3):
 def new generation   total 29184K, used 1488K [0x22c00000, 0x24ba0000, 0x28150000)
  eden space 25984K,   5% used [0x22c00000, 0x22d74390, 0x24560000)
  from space 3200K,   0% used [0x24560000, 0x24560000, 0x24880000)
  to   space 3200K,   0% used [0x24880000, 0x24880000, 0x24ba0000)
 tenured generation   total 64660K, used 38795K [0x28150000, 0x2c075000, 0x32c00000)
   the space 64660K,  59% used [0x28150000, 0x2a732ff8, 0x2a733000, 0x2c075000)
 compacting perm gen  total 12288K, used 672K [0x32c00000, 0x33800000, 0x36c00000)
   the space 12288K,   5% used [0x32c00000, 0x32ca8350, 0x32ca8400, 0x33800000)
    ro space 10240K,  42% used [0x36c00000, 0x37036058, 0x37036200, 0x37600000)
    rw space 12288K,  51% used [0x37600000, 0x37c3bdb0, 0x37c3be00, 0x38200000)
}
Event: 1.568 GC heap before
{Heap before GC invocations=10 (full 3):
 def new generation   total 29184K, used 25984K [0x22c00000, 0x24ba0000, 0x28150000)
  eden space 25984K, 100% used [0x22c00000, 0x24560000, 0x24560000)
  from space 3200K,   0% used [0x24560000, 0x24560000, 0x24880000)
  to   space 3200K,   0% used [0x24880000, 0x24880000, 0x24ba0000)
 tenured generation   total 64660K, used 38795K [0x28150000, 0x2c075000, 0x32c00000)
   the space 64660K,  59% used [0x28150000, 0x2a732ff8, 0x2a733000, 0x2c075000)
 compacting perm gen  total 12288K, used 672K [0x32c00000, 0x33800000, 0x36c00000)
   the space 12288K,   5% used [0x32c00000, 0x32ca8350, 0x32ca8400, 0x33800000)
    ro space 10240K,  42% used [0x36c00000, 0x37036058, 0x37036200, 0x37600000)
    rw space 12288K,  51% used [0x37600000, 0x37c3bdb0, 0x37c3be00, 0x38200000)
Event: 1.716 GC heap after
Heap after GC invocations=11 (full 3):
 def new generation   total 29184K, used 3199K [0x22c00000, 0x24ba0000, 0x28150000)
  eden space 25984K,   0% used [0x22c00000, 0x22c00000, 0x24560000)
  from space 3200K,  99% used [0x24880000, 0x24b9fff8, 0x24ba0000)
  to   space 3200K,   0% used [0x24560000, 0x24560000, 0x24880000)
 tenured generation   total 64660K, used 52398K [0x28150000, 0x2c075000, 0x32c00000)
   the space 64660K,  81% used [0x28150000, 0x2b47bb00, 0x2b47bc00, 0x2c075000)
 compacting perm gen  total 12288K, used 672K [0x32c00000, 0x33800000, 0x36c00000)
   the space 12288K,   5% used [0x32c00000, 0x32ca8350, 0x32ca8400, 0x33800000)
    ro space 10240K,  42% used [0x36c00000, 0x37036058, 0x37036200, 0x37600000)
    rw space 12288K,  51% used [0x37600000, 0x37c3bdb0, 0x37c3be00, 0x38200000)
}
Event: 1.883 GC heap before
{Heap before GC invocations=11 (full 3):
 def new generation   total 29184K, used 29183K [0x22c00000, 0x24ba0000, 0x28150000)
  eden space 25984K, 100% used [0x22c00000, 0x24560000, 0x24560000)
  from space 3200K,  99% used [0x24880000, 0x24b9fff8, 0x24ba0000)
  to   space 3200K,   0% used [0x24560000, 0x24560000, 0x24880000)
 tenured generation   total 64660K, used 52398K [0x28150000, 0x2c075000, 0x32c00000)
   the space 64660K,  81% used [0x28150000, 0x2b47bb00, 0x2b47bc00, 0x2c075000)
 compacting perm gen  total 12288K, used 672K [0x32c00000, 0x33800000, 0x36c00000)
   the space 12288K,   5% used [0x32c00000, 0x32ca8350, 0x32ca8400, 0x33800000)
    ro space 10240K,  42% used [0x36c00000, 0x37036058, 0x37036200, 0x37600000)
    rw space 12288K,  51% used [0x37600000, 0x37c3bdb0, 0x37c3be00, 0x38200000)

