# JRE version: Java(TM) SE Runtime Environment (7.0_79-b15) (build 1.7.0_79-b15)
# Java VM: Java HotSpot(TM) Client VM (24.79-b02 mixed mode, sharing windows-x86 )
Heap
 def new generation   total 66176K, used 58880K [0x22c00000, 0x273c0000, 0x28150000)
  eden space 58880K, 100% used [0x22c00000, 0x26580000, 0x26580000)
  from space 7296K,   0% used [0x26ca0000, 0x26ca0000, 0x273c0000)
  to   space 7296K, 100% used [0x26580000, 0x26ca0000, 0x26ca0000)
 tenured generation   total 146884K, used 48176K [0x28150000, 0x310c1000, 0x32c00000)
   the space 146884K,  32% used [0x28150000, 0x2b05c328, 0x2b05c400, 0x310c1000)
 compacting perm gen  total 12288K, used 1809K [0x32c00000, 0x33800000, 0x36c00000)
   the space 12288K,  14% used [0x32c00000, 0x32dc44d0, 0x32dc4600, 0x33800000)
    ro space 10240K,  42% used [0x36c00000, 0x37036058, 0x37036200, 0x37600000)
    rw space 12288K,  51% used [0x37600000, 0x37c3bdb0, 0x37c3be00, 0x38200000)
GC Heap History (10 events):
Event: 93.027 GC heap after
Heap after GC invocations=159 (full 42):
 def new generation   total 66176K, used 0K [0x22c00000, 0x273c0000, 0x28150000)
  eden space 58880K,   0% used [0x22c00000, 0x22c00000, 0x26580000)
  from space 7296K,   0% used [0x26ca0000, 0x26ca0000, 0x273c0000)
  to   space 7296K,   0% used [0x26580000, 0x26580000, 0x26ca0000)
 tenured generation   total 146884K, used 41136K [0x28150000, 0x310c1000, 0x32c00000)
   the space 146884K,  28% used [0x28150000, 0x2a97c280, 0x2a97c400, 0x310c1000)
 compacting perm gen  total 12288K, used 1809K [0x32c00000, 0x33800000, 0x36c00000)
   the space 12288K,  14% used [0x32c00000, 0x32dc44d0, 0x32dc4600, 0x33800000)
    ro space 10240K,  42% used [0x36c00000, 0x37036058, 0x37036200, 0x37600000)
    rw space 12288K,  51% used [0x37600000, 0x37c3bdb0, 0x37c3be00, 0x38200000)
}
Event: 93.323 GC heap before
{Heap before GC invocations=159 (full 42):
 def new generation   total 66176K, used 58109K [0x22c00000, 0x273c0000, 0x28150000)
  eden space 58880K,  98% used [0x22c00000, 0x264bf7c0, 0x26580000)
  from space 7296K,   0% used [0x26ca0000, 0x26ca0000, 0x273c0000)
  to   space 7296K,   0% used [0x26580000, 0x26580000, 0x26ca0000)
 tenured generation   total 146884K, used 41136K [0x28150000, 0x310c1000, 0x32c00000)
   the space 146884K,  28% used [0x28150000, 0x2a97c280, 0x2a97c400, 0x310c1000)
 compacting perm gen  total 12288K, used 1809K [0x32c00000, 0x33800000, 0x36c00000)
   the space 12288K,  14% used [0x32c00000, 0x32dc44d0, 0x32dc4600, 0x33800000)
    ro space 10240K,  42% used [0x36c00000, 0x37036058, 0x37036200, 0x37600000)
    rw space 12288K,  51% used [0x37600000, 0x37c3bdb0, 0x37c3be00, 0x38200000)
Event: 93.508 GC heap after
Heap after GC invocations=160 (full 42):
 def new generation   total 66176K, used 7296K [0x22c00000, 0x273c0000, 0x28150000)
  eden space 58880K,   0% used [0x22c00000, 0x22c00000, 0x26580000)
  from space 7296K, 100% used [0x26580000, 0x26ca0000, 0x26ca0000)
  to   space 7296K,   0% used [0x26ca0000, 0x26ca0000, 0x273c0000)
 tenured generation   total 146884K, used 68683K [0x28150000, 0x310c1000, 0x32c00000)
   the space 146884K,  46% used [0x28150000, 0x2c462cc0, 0x2c462e00, 0x310c1000)
 compacting perm gen  total 12288K, used 1809K [0x32c00000, 0x33800000, 0x36c00000)
   the space 12288K,  14% used [0x32c00000, 0x32dc44d0, 0x32dc4600, 0x33800000)
    ro space 10240K,  42% used [0x36c00000, 0x37036058, 0x37036200, 0x37600000)
    rw space 12288K,  51% used [0x37600000, 0x37c3bdb0, 0x37c3be00, 0x38200000)
}
Event: 93.892 GC heap before
{Heap before GC invocations=160 (full 42):
 def new generation   total 66176K, used 66176K [0x22c00000, 0x273c0000, 0x28150000)
  eden space 58880K, 100% used [0x22c00000, 0x26580000, 0x26580000)
  from space 7296K, 100% used [0x26580000, 0x26ca0000, 0x26ca0000)
  to   space 7296K,   0% used [0x26ca0000, 0x26ca0000, 0x273c0000)
 tenured generation   total 146884K, used 68683K [0x28150000, 0x310c1000, 0x32c00000)
   the space 146884K,  46% used [0x28150000, 0x2c462cc0, 0x2c462e00, 0x310c1000)
 compacting perm gen  total 12288K, used 1809K [0x32c00000, 0x33800000, 0x36c00000)
   the space 12288K,  14% used [0x32c00000, 0x32dc44d0, 0x32dc4600, 0x33800000)
    ro space 10240K,  42% used [0x36c00000, 0x37036058, 0x37036200, 0x37600000)
    rw space 12288K,  51% used [0x37600000, 0x37c3bdb0, 0x37c3be00, 0x38200000)
Event: 94.064 GC heap after
Heap after GC invocations=161 (full 42):
 def new generation   total 66176K, used 7296K [0x22c00000, 0x273c0000, 0x28150000)
  eden space 58880K,   0% used [0x22c00000, 0x22c00000, 0x26580000)
  from space 7296K, 100% used [0x26ca0000, 0x273c0000, 0x273c0000)
  to   space 7296K,   0% used [0x26580000, 0x26580000, 0x26ca0000)
 tenured generation   total 146884K, used 97737K [0x28150000, 0x310c1000, 0x32c00000)
   the space 146884K,  66% used [0x28150000, 0x2e0c2428, 0x2e0c2600, 0x310c1000)
 compacting perm gen  total 12288K, used 1809K [0x32c00000, 0x33800000, 0x36c00000)
   the space 12288K,  14% used [0x32c00000, 0x32dc44d0, 0x32dc4600, 0x33800000)
    ro space 10240K,  42% used [0x36c00000, 0x37036058, 0x37036200, 0x37600000)
    rw space 12288K,  51% used [0x37600000, 0x37c3bdb0, 0x37c3be00, 0x38200000)
}
Event: 94.343 GC heap before
{Heap before GC invocations=161 (full 42):
 def new generation   total 66176K, used 66176K [0x22c00000, 0x273c0000, 0x28150000)
  eden space 58880K, 100% used [0x22c00000, 0x26580000, 0x26580000)
  from space 7296K, 100% used [0x26ca0000, 0x273c0000, 0x273c0000)
  to   space 7296K,   0% used [0x26580000, 0x26580000, 0x26ca0000)
 tenured generation   total 146884K, used 97737K [0x28150000, 0x310c1000, 0x32c00000)
   the space 146884K,  66% used [0x28150000, 0x2e0c2428, 0x2e0c2600, 0x310c1000)
 compacting perm gen  total 12288K, used 1809K [0x32c00000, 0x33800000, 0x36c00000)
   the space 12288K,  14% used [0x32c00000, 0x32dc44d0, 0x32dc4600, 0x33800000)
    ro space 10240K,  42% used [0x36c00000, 0x37036058, 0x37036200, 0x37600000)
    rw space 12288K,  51% used [0x37600000, 0x37c3bdb0, 0x37c3be00, 0x38200000)
Event: 94.498 GC heap after
Heap after GC invocations=162 (full 42):
 def new generation   total 66176K, used 7296K [0x22c00000, 0x273c0000, 0x28150000)
  eden space 58880K,   0% used [0x22c00000, 0x22c00000, 0x26580000)
  from space 7296K, 100% used [0x26580000, 0x26ca0000, 0x26ca0000)
  to   space 7296K,   0% used [0x26ca0000, 0x26ca0000, 0x273c0000)
 tenured generation   total 146884K, used 132062K [0x28150000, 0x310c1000, 0x32c00000)
   the space 146884K,  89% used [0x28150000, 0x30247ae0, 0x30247c00, 0x310c1000)
 compacting perm gen  total 12288K, used 1809K [0x32c00000, 0x33800000, 0x36c00000)
   the space 12288K,  14% used [0x32c00000, 0x32dc44d0, 0x32dc4600, 0x33800000)
    ro space 10240K,  42% used [0x36c00000, 0x37036058, 0x37036200, 0x37600000)
    rw space 12288K,  51% used [0x37600000, 0x37c3bdb0, 0x37c3be00, 0x38200000)
}
Event: 94.750 GC heap before
{Heap before GC invocations=162 (full 42):
 def new generation   total 66176K, used 66176K [0x22c00000, 0x273c0000, 0x28150000)
  eden space 58880K, 100% used [0x22c00000, 0x26580000, 0x26580000)
  from space 7296K, 100% used [0x26580000, 0x26ca0000, 0x26ca0000)
  to   space 7296K,   0% used [0x26ca0000, 0x26ca0000, 0x273c0000)
 tenured generation   total 146884K, used 132062K [0x28150000, 0x310c1000, 0x32c00000)
   the space 146884K,  89% used [0x28150000, 0x30247ae0, 0x30247c00, 0x310c1000)
 compacting perm gen  total 12288K, used 1809K [0x32c00000, 0x33800000, 0x36c00000)
   the space 12288K,  14% used [0x32c00000, 0x32dc44d0, 0x32dc4600, 0x33800000)
    ro space 10240K,  42% used [0x36c00000, 0x37036058, 0x37036200, 0x37600000)
    rw space 12288K,  51% used [0x37600000, 0x37c3bdb0, 0x37c3be00, 0x38200000)
Event: 95.224 GC heap after
Heap after GC invocations=163 (full 43):
 def new generation   total 66176K, used 0K [0x22c00000, 0x273c0000, 0x28150000)
  eden space 58880K,   0% used [0x22c00000, 0x22c00000, 0x26580000)
  from space 7296K,   0% used [0x26ca0000, 0x26ca0000, 0x273c0000)
  to   space 7296K,   0% used [0x26580000, 0x26580000, 0x26ca0000)
 tenured generation   total 146884K, used 46781K [0x28150000, 0x310c1000, 0x32c00000)
   the space 146884K,  31% used [0x28150000, 0x2aeff4b8, 0x2aeff600, 0x310c1000)
 compacting perm gen  total 12288K, used 1809K [0x32c00000, 0x33800000, 0x36c00000)
   the space 12288K,  14% used [0x32c00000, 0x32dc44d0, 0x32dc4600, 0x33800000)
    ro space 10240K,  42% used [0x36c00000, 0x37036058, 0x37036200, 0x37600000)
    rw space 12288K,  51% used [0x37600000, 0x37c3bdb0, 0x37c3be00, 0x38200000)
}
Event: 95.471 GC heap before
{Heap before GC invocations=163 (full 43):
 def new generation   total 66176K, used 58880K [0x22c00000, 0x273c0000, 0x28150000)
  eden space 58880K, 100% used [0x22c00000, 0x26580000, 0x26580000)
  from space 7296K,   0% used [0x26ca0000, 0x26ca0000, 0x273c0000)
  to   space 7296K,   0% used [0x26580000, 0x26580000, 0x26ca0000)
 tenured generation   total 146884K, used 46781K [0x28150000, 0x310c1000, 0x32c00000)
   the space 146884K,  31% used [0x28150000, 0x2aeff4b8, 0x2aeff600, 0x310c1000)
 compacting perm gen  total 12288K, used 1809K [0x32c00000, 0x33800000, 0x36c00000)
   the space 12288K,  14% used [0x32c00000, 0x32dc44d0, 0x32dc4600, 0x33800000)
    ro space 10240K,  42% used [0x36c00000, 0x37036058, 0x37036200, 0x37600000)
    rw space 12288K,  51% used [0x37600000, 0x37c3bdb0, 0x37c3be00, 0x38200000)

