# JRE version: Java(TM) SE Runtime Environment (7.0_79-b15) (build 1.7.0_79-b15)
# Java VM: Java HotSpot(TM) Client VM (24.79-b02 mixed mode, sharing windows-x86 )
Heap
 def new generation   total 71232K, used 71232K [0x22c00000, 0x27940000, 0x28150000)
  eden space 63360K, 100% used [0x22c00000, 0x269e0000, 0x269e0000)
  from space 7872K, 100% used [0x27190000, 0x27940000, 0x27940000)
  to   space 7872K,   0% used [0x269e0000, 0x269e0000, 0x27190000)
 tenured generation   total 158104K, used 131204K [0x28150000, 0x31bb6000, 0x32c00000)
   the space 158104K,  82% used [0x28150000, 0x30171390, 0x29df8c00, 0x31bb6000)
 compacting perm gen  total 12288K, used 1809K [0x32c00000, 0x33800000, 0x36c00000)
   the space 12288K,  14% used [0x32c00000, 0x32dc45c0, 0x32dc4600, 0x33800000)
    ro space 10240K,  42% used [0x36c00000, 0x37036058, 0x37036200, 0x37600000)
    rw space 12288K,  51% used [0x37600000, 0x37c3bdb0, 0x37c3be00, 0x38200000)
GC Heap History (10 events):
Event: 2137.116 GC heap after
Heap after GC invocations=3554 (full 947):
 def new generation   total 71232K, used 7872K [0x22c00000, 0x27940000, 0x28150000)
  eden space 63360K,   0% used [0x22c00000, 0x22c00000, 0x269e0000)
  from space 7872K, 100% used [0x269e0000, 0x27190000, 0x27190000)
  to   space 7872K,   0% used [0x27190000, 0x27190000, 0x27940000)
 tenured generation   total 158104K, used 117543K [0x28150000, 0x31bb6000, 0x32c00000)
   the space 158104K,  74% used [0x28150000, 0x2f419cb8, 0x2f419e00, 0x31bb6000)
 compacting perm gen  total 12288K, used 1809K [0x32c00000, 0x33800000, 0x36c00000)
   the space 12288K,  14% used [0x32c00000, 0x32dc45c0, 0x32dc4600, 0x33800000)
    ro space 10240K,  42% used [0x36c00000, 0x37036058, 0x37036200, 0x37600000)
    rw space 12288K,  51% used [0x37600000, 0x37c3bdb0, 0x37c3be00, 0x38200000)
}
Event: 2137.437 GC heap before
{Heap before GC invocations=3554 (full 947):
 def new generation   total 71232K, used 71232K [0x22c00000, 0x27940000, 0x28150000)
  eden space 63360K, 100% used [0x22c00000, 0x269e0000, 0x269e0000)
  from space 7872K, 100% used [0x269e0000, 0x27190000, 0x27190000)
  to   space 7872K,   0% used [0x27190000, 0x27190000, 0x27940000)
 tenured generation   total 158104K, used 117543K [0x28150000, 0x31bb6000, 0x32c00000)
   the space 158104K,  74% used [0x28150000, 0x2f419cb8, 0x2f419e00, 0x31bb6000)
 compacting perm gen  total 12288K, used 1809K [0x32c00000, 0x33800000, 0x36c00000)
   the space 12288K,  14% used [0x32c00000, 0x32dc45c0, 0x32dc4600, 0x33800000)
    ro space 10240K,  42% used [0x36c00000, 0x37036058, 0x37036200, 0x37600000)
    rw space 12288K,  51% used [0x37600000, 0x37c3bdb0, 0x37c3be00, 0x38200000)
Event: 2137.653 GC heap after
Heap after GC invocations=3555 (full 947):
 def new generation   total 71232K, used 7872K [0x22c00000, 0x27940000, 0x28150000)
  eden space 63360K,   0% used [0x22c00000, 0x22c00000, 0x269e0000)
  from space 7872K, 100% used [0x27190000, 0x27940000, 0x27940000)
  to   space 7872K,   0% used [0x269e0000, 0x269e0000, 0x27190000)
 tenured generation   total 158104K, used 152376K [0x28150000, 0x31bb6000, 0x32c00000)
   the space 158104K,  96% used [0x28150000, 0x3161e220, 0x3161e400, 0x31bb6000)
 compacting perm gen  total 12288K, used 1809K [0x32c00000, 0x33800000, 0x36c00000)
   the space 12288K,  14% used [0x32c00000, 0x32dc45c0, 0x32dc4600, 0x33800000)
    ro space 10240K,  42% used [0x36c00000, 0x37036058, 0x37036200, 0x37600000)
    rw space 12288K,  51% used [0x37600000, 0x37c3bdb0, 0x37c3be00, 0x38200000)
}
Event: 2137.960 GC heap before
{Heap before GC invocations=3555 (full 947):
 def new generation   total 71232K, used 71232K [0x22c00000, 0x27940000, 0x28150000)
  eden space 63360K, 100% used [0x22c00000, 0x269e0000, 0x269e0000)
  from space 7872K, 100% used [0x27190000, 0x27940000, 0x27940000)
  to   space 7872K,   0% used [0x269e0000, 0x269e0000, 0x27190000)
 tenured generation   total 158104K, used 152376K [0x28150000, 0x31bb6000, 0x32c00000)
   the space 158104K,  96% used [0x28150000, 0x3161e220, 0x3161e400, 0x31bb6000)
 compacting perm gen  total 12288K, used 1809K [0x32c00000, 0x33800000, 0x36c00000)
   the space 12288K,  14% used [0x32c00000, 0x32dc45c0, 0x32dc4600, 0x33800000)
    ro space 10240K,  42% used [0x36c00000, 0x37036058, 0x37036200, 0x37600000)
    rw space 12288K,  51% used [0x37600000, 0x37c3bdb0, 0x37c3be00, 0x38200000)
Event: 2138.485 GC heap after
Heap after GC invocations=3556 (full 948):
 def new generation   total 71232K, used 0K [0x22c00000, 0x27940000, 0x28150000)
  eden space 63360K,   0% used [0x22c00000, 0x22c00000, 0x269e0000)
  from space 7872K,   0% used [0x27190000, 0x27190000, 0x27940000)
  to   space 7872K,   0% used [0x269e0000, 0x269e0000, 0x27190000)
 tenured generation   total 158104K, used 70803K [0x28150000, 0x31bb6000, 0x32c00000)
   the space 158104K,  44% used [0x28150000, 0x2c674ed8, 0x2c675000, 0x31bb6000)
 compacting perm gen  total 12288K, used 1809K [0x32c00000, 0x33800000, 0x36c00000)
   the space 12288K,  14% used [0x32c00000, 0x32dc45c0, 0x32dc4600, 0x33800000)
    ro space 10240K,  42% used [0x36c00000, 0x37036058, 0x37036200, 0x37600000)
    rw space 12288K,  51% used [0x37600000, 0x37c3bdb0, 0x37c3be00, 0x38200000)
}
Event: 2138.765 GC heap before
{Heap before GC invocations=3556 (full 948):
 def new generation   total 71232K, used 63360K [0x22c00000, 0x27940000, 0x28150000)
  eden space 63360K, 100% used [0x22c00000, 0x269e0000, 0x269e0000)
  from space 7872K,   0% used [0x27190000, 0x27190000, 0x27940000)
  to   space 7872K,   0% used [0x269e0000, 0x269e0000, 0x27190000)
 tenured generation   total 158104K, used 70803K [0x28150000, 0x31bb6000, 0x32c00000)
   the space 158104K,  44% used [0x28150000, 0x2c674ed8, 0x2c675000, 0x31bb6000)
 compacting perm gen  total 12288K, used 1809K [0x32c00000, 0x33800000, 0x36c00000)
   the space 12288K,  14% used [0x32c00000, 0x32dc45c0, 0x32dc4600, 0x33800000)
    ro space 10240K,  42% used [0x36c00000, 0x37036058, 0x37036200, 0x37600000)
    rw space 12288K,  51% used [0x37600000, 0x37c3bdb0, 0x37c3be00, 0x38200000)
Event: 2138.947 GC heap after
Heap after GC invocations=3557 (full 948):
 def new generation   total 71232K, used 7871K [0x22c00000, 0x27940000, 0x28150000)
  eden space 63360K,   0% used [0x22c00000, 0x22c00000, 0x269e0000)
  from space 7872K,  99% used [0x269e0000, 0x2718fff8, 0x27190000)
  to   space 7872K,   0% used [0x27190000, 0x27190000, 0x27940000)
 tenured generation   total 158104K, used 100800K [0x28150000, 0x31bb6000, 0x32c00000)
   the space 158104K,  63% used [0x28150000, 0x2e3c0030, 0x2e3c0200, 0x31bb6000)
 compacting perm gen  total 12288K, used 1809K [0x32c00000, 0x33800000, 0x36c00000)
   the space 12288K,  14% used [0x32c00000, 0x32dc45c0, 0x32dc4600, 0x33800000)
    ro space 10240K,  42% used [0x36c00000, 0x37036058, 0x37036200, 0x37600000)
    rw space 12288K,  51% used [0x37600000, 0x37c3bdb0, 0x37c3be00, 0x38200000)
}
Event: 2139.289 GC heap before
{Heap before GC invocations=3557 (full 948):
 def new generation   total 71232K, used 71014K [0x22c00000, 0x27940000, 0x28150000)
  eden space 63360K,  99% used [0x22c00000, 0x269a98c8, 0x269e0000)
  from space 7872K,  99% used [0x269e0000, 0x2718fff8, 0x27190000)
  to   space 7872K,   0% used [0x27190000, 0x27190000, 0x27940000)
 tenured generation   total 158104K, used 100800K [0x28150000, 0x31bb6000, 0x32c00000)
   the space 158104K,  63% used [0x28150000, 0x2e3c0030, 0x2e3c0200, 0x31bb6000)
 compacting perm gen  total 12288K, used 1809K [0x32c00000, 0x33800000, 0x36c00000)
   the space 12288K,  14% used [0x32c00000, 0x32dc45c0, 0x32dc4600, 0x33800000)
    ro space 10240K,  42% used [0x36c00000, 0x37036058, 0x37036200, 0x37600000)
    rw space 12288K,  51% used [0x37600000, 0x37c3bdb0, 0x37c3be00, 0x38200000)
Event: 2139.445 GC heap after
Heap after GC invocations=3558 (full 948):
 def new generation   total 71232K, used 7872K [0x22c00000, 0x27940000, 0x28150000)
  eden space 63360K,   0% used [0x22c00000, 0x22c00000, 0x269e0000)
  from space 7872K, 100% used [0x27190000, 0x27940000, 0x27940000)
  to   space 7872K,   0% used [0x269e0000, 0x269e0000, 0x27190000)
 tenured generation   total 158104K, used 131204K [0x28150000, 0x31bb6000, 0x32c00000)
   the space 158104K,  82% used [0x28150000, 0x30171390, 0x30171400, 0x31bb6000)
 compacting perm gen  total 12288K, used 1809K [0x32c00000, 0x33800000, 0x36c00000)
   the space 12288K,  14% used [0x32c00000, 0x32dc45c0, 0x32dc4600, 0x33800000)
    ro space 10240K,  42% used [0x36c00000, 0x37036058, 0x37036200, 0x37600000)
    rw space 12288K,  51% used [0x37600000, 0x37c3bdb0, 0x37c3be00, 0x38200000)
}
Event: 2139.743 GC heap before
{Heap before GC invocations=3558 (full 948):
 def new generation   total 71232K, used 71232K [0x22c00000, 0x27940000, 0x28150000)
  eden space 63360K, 100% used [0x22c00000, 0x269e0000, 0x269e0000)
  from space 7872K, 100% used [0x27190000, 0x27940000, 0x27940000)
  to   space 7872K,   0% used [0x269e0000, 0x269e0000, 0x27190000)
 tenured generation   total 158104K, used 131204K [0x28150000, 0x31bb6000, 0x32c00000)
   the space 158104K,  82% used [0x28150000, 0x30171390, 0x30171400, 0x31bb6000)
 compacting perm gen  total 12288K, used 1809K [0x32c00000, 0x33800000, 0x36c00000)
   the space 12288K,  14% used [0x32c00000, 0x32dc45c0, 0x32dc4600, 0x33800000)
    ro space 10240K,  42% used [0x36c00000, 0x37036058, 0x37036200, 0x37600000)
    rw space 12288K,  51% used [0x37600000, 0x37c3bdb0, 0x37c3be00, 0x38200000)

