# JRE version: Java(TM) SE Runtime Environment (7.0_79-b15) (build 1.7.0_79-b15)
# Java VM: Java HotSpot(TM) Client VM (24.79-b02 mixed mode, sharing windows-x86 )
Heap
 def new generation   total 68224K, used 68224K [0x22c00000, 0x27600000, 0x28150000)
  eden space 60672K, 100% used [0x22c00000, 0x26740000, 0x26740000)
  from space 7552K, 100% used [0x26ea0000, 0x27600000, 0x27600000)
  to   space 7552K, 100% used [0x26740000, 0x26ea0000, 0x26ea0000)
 tenured generation   total 151492K, used 136564K [0x28150000, 0x31541000, 0x32c00000)
   the space 151492K,  90% used [0x28150000, 0x306ad188, 0x306ad200, 0x31541000)
 compacting perm gen  total 12288K, used 1809K [0x32c00000, 0x33800000, 0x36c00000)
   the space 12288K,  14% used [0x32c00000, 0x32dc44e0, 0x32dc4600, 0x33800000)
    ro space 10240K,  42% used [0x36c00000, 0x37036058, 0x37036200, 0x37600000)
    rw space 12288K,  51% used [0x37600000, 0x37c3bdb0, 0x37c3be00, 0x38200000)
GC Heap History (10 events):
Event: 53.721 GC heap after
Heap after GC invocations=110 (full 29):
 def new generation   total 68224K, used 7552K [0x22c00000, 0x27600000, 0x28150000)
  eden space 60672K,   0% used [0x22c00000, 0x22c00000, 0x26740000)
  from space 7552K, 100% used [0x26ea0000, 0x27600000, 0x27600000)
  to   space 7552K,   0% used [0x26740000, 0x26740000, 0x26ea0000)
 tenured generation   total 151492K, used 101020K [0x28150000, 0x31541000, 0x32c00000)
   the space 151492K,  66% used [0x28150000, 0x2e3f72b0, 0x2e3f7400, 0x31541000)
 compacting perm gen  total 12288K, used 1809K [0x32c00000, 0x33800000, 0x36c00000)
   the space 12288K,  14% used [0x32c00000, 0x32dc44d0, 0x32dc4600, 0x33800000)
    ro space 10240K,  42% used [0x36c00000, 0x37036058, 0x37036200, 0x37600000)
    rw space 12288K,  51% used [0x37600000, 0x37c3bdb0, 0x37c3be00, 0x38200000)
}
Event: 54.011 GC heap before
{Heap before GC invocations=110 (full 29):
 def new generation   total 68224K, used 64656K [0x22c00000, 0x27600000, 0x28150000)
  eden space 60672K,  94% used [0x22c00000, 0x263c4310, 0x26740000)
  from space 7552K, 100% used [0x26ea0000, 0x27600000, 0x27600000)
  to   space 7552K,   0% used [0x26740000, 0x26740000, 0x26ea0000)
 tenured generation   total 151492K, used 101020K [0x28150000, 0x31541000, 0x32c00000)
   the space 151492K,  66% used [0x28150000, 0x2e3f72b0, 0x2e3f7400, 0x31541000)
 compacting perm gen  total 12288K, used 1809K [0x32c00000, 0x33800000, 0x36c00000)
   the space 12288K,  14% used [0x32c00000, 0x32dc44d0, 0x32dc4600, 0x33800000)
    ro space 10240K,  42% used [0x36c00000, 0x37036058, 0x37036200, 0x37600000)
    rw space 12288K,  51% used [0x37600000, 0x37c3bdb0, 0x37c3be00, 0x38200000)
Event: 54.167 GC heap after
Heap after GC invocations=111 (full 29):
 def new generation   total 68224K, used 7552K [0x22c00000, 0x27600000, 0x28150000)
  eden space 60672K,   0% used [0x22c00000, 0x22c00000, 0x26740000)
  from space 7552K, 100% used [0x26740000, 0x26ea0000, 0x26ea0000)
  to   space 7552K,   0% used [0x26ea0000, 0x26ea0000, 0x27600000)
 tenured generation   total 151492K, used 128537K [0x28150000, 0x31541000, 0x32c00000)
   the space 151492K,  84% used [0x28150000, 0x2fed6618, 0x2fed6800, 0x31541000)
 compacting perm gen  total 12288K, used 1809K [0x32c00000, 0x33800000, 0x36c00000)
   the space 12288K,  14% used [0x32c00000, 0x32dc44d0, 0x32dc4600, 0x33800000)
    ro space 10240K,  42% used [0x36c00000, 0x37036058, 0x37036200, 0x37600000)
    rw space 12288K,  51% used [0x37600000, 0x37c3bdb0, 0x37c3be00, 0x38200000)
}
Event: 54.440 GC heap before
{Heap before GC invocations=111 (full 29):
 def new generation   total 68224K, used 66548K [0x22c00000, 0x27600000, 0x28150000)
  eden space 60672K,  97% used [0x22c00000, 0x2659d1c8, 0x26740000)
  from space 7552K, 100% used [0x26740000, 0x26ea0000, 0x26ea0000)
  to   space 7552K,   0% used [0x26ea0000, 0x26ea0000, 0x27600000)
 tenured generation   total 151492K, used 128537K [0x28150000, 0x31541000, 0x32c00000)
   the space 151492K,  84% used [0x28150000, 0x2fed6618, 0x2fed6800, 0x31541000)
 compacting perm gen  total 12288K, used 1809K [0x32c00000, 0x33800000, 0x36c00000)
   the space 12288K,  14% used [0x32c00000, 0x32dc44d0, 0x32dc4600, 0x33800000)
    ro space 10240K,  42% used [0x36c00000, 0x37036058, 0x37036200, 0x37600000)
    rw space 12288K,  51% used [0x37600000, 0x37c3bdb0, 0x37c3be00, 0x38200000)
Event: 54.895 GC heap after
Heap after GC invocations=112 (full 30):
 def new generation   total 68224K, used 0K [0x22c00000, 0x27600000, 0x28150000)
  eden space 60672K,   0% used [0x22c00000, 0x22c00000, 0x26740000)
  from space 7552K,   0% used [0x26ea0000, 0x26ea0000, 0x27600000)
  to   space 7552K,   0% used [0x26740000, 0x26740000, 0x26ea0000)
 tenured generation   total 151492K, used 50090K [0x28150000, 0x31541000, 0x32c00000)
   the space 151492K,  33% used [0x28150000, 0x2b23aad0, 0x2b23ac00, 0x31541000)
 compacting perm gen  total 12288K, used 1809K [0x32c00000, 0x33800000, 0x36c00000)
   the space 12288K,  14% used [0x32c00000, 0x32dc44d0, 0x32dc4600, 0x33800000)
    ro space 10240K,  42% used [0x36c00000, 0x37036058, 0x37036200, 0x37600000)
    rw space 12288K,  51% used [0x37600000, 0x37c3bdb0, 0x37c3be00, 0x38200000)
}
Event: 55.134 GC heap before
{Heap before GC invocations=112 (full 30):
 def new generation   total 68224K, used 55553K [0x22c00000, 0x27600000, 0x28150000)
  eden space 60672K,  91% used [0x22c00000, 0x26240518, 0x26740000)
  from space 7552K,   0% used [0x26ea0000, 0x26ea0000, 0x27600000)
  to   space 7552K,   0% used [0x26740000, 0x26740000, 0x26ea0000)
 tenured generation   total 151492K, used 50090K [0x28150000, 0x31541000, 0x32c00000)
   the space 151492K,  33% used [0x28150000, 0x2b23aad0, 0x2b23ac00, 0x31541000)
 compacting perm gen  total 12288K, used 1809K [0x32c00000, 0x33800000, 0x36c00000)
   the space 12288K,  14% used [0x32c00000, 0x32dc44d0, 0x32dc4600, 0x33800000)
    ro space 10240K,  42% used [0x36c00000, 0x37036058, 0x37036200, 0x37600000)
    rw space 12288K,  51% used [0x37600000, 0x37c3bdb0, 0x37c3be00, 0x38200000)
Event: 55.299 GC heap after
Heap after GC invocations=113 (full 30):
 def new generation   total 68224K, used 7551K [0x22c00000, 0x27600000, 0x28150000)
  eden space 60672K,   0% used [0x22c00000, 0x22c00000, 0x26740000)
  from space 7552K,  99% used [0x26740000, 0x26e9fff8, 0x26ea0000)
  to   space 7552K,   0% used [0x26ea0000, 0x26ea0000, 0x27600000)
 tenured generation   total 151492K, used 74565K [0x28150000, 0x31541000, 0x32c00000)
   the space 151492K,  49% used [0x28150000, 0x2ca21510, 0x2ca21600, 0x31541000)
 compacting perm gen  total 12288K, used 1809K [0x32c00000, 0x33800000, 0x36c00000)
   the space 12288K,  14% used [0x32c00000, 0x32dc44d0, 0x32dc4600, 0x33800000)
    ro space 10240K,  42% used [0x36c00000, 0x37036058, 0x37036200, 0x37600000)
    rw space 12288K,  51% used [0x37600000, 0x37c3bdb0, 0x37c3be00, 0x38200000)
}
Event: 55.590 GC heap before
{Heap before GC invocations=113 (full 30):
 def new generation   total 68224K, used 68223K [0x22c00000, 0x27600000, 0x28150000)
  eden space 60672K, 100% used [0x22c00000, 0x26740000, 0x26740000)
  from space 7552K,  99% used [0x26740000, 0x26e9fff8, 0x26ea0000)
  to   space 7552K,   0% used [0x26ea0000, 0x26ea0000, 0x27600000)
 tenured generation   total 151492K, used 74565K [0x28150000, 0x31541000, 0x32c00000)
   the space 151492K,  49% used [0x28150000, 0x2ca21510, 0x2ca21600, 0x31541000)
 compacting perm gen  total 12288K, used 1809K [0x32c00000, 0x33800000, 0x36c00000)
   the space 12288K,  14% used [0x32c00000, 0x32dc44e0, 0x32dc4600, 0x33800000)
    ro space 10240K,  42% used [0x36c00000, 0x37036058, 0x37036200, 0x37600000)
    rw space 12288K,  51% used [0x37600000, 0x37c3bdb0, 0x37c3be00, 0x38200000)
Event: 55.754 GC heap after
Heap after GC invocations=114 (full 30):
 def new generation   total 68224K, used 7552K [0x22c00000, 0x27600000, 0x28150000)
  eden space 60672K,   0% used [0x22c00000, 0x22c00000, 0x26740000)
  from space 7552K, 100% used [0x26ea0000, 0x27600000, 0x27600000)
  to   space 7552K,   0% used [0x26740000, 0x26740000, 0x26ea0000)
 tenured generation   total 151492K, used 104431K [0x28150000, 0x31541000, 0x32c00000)
   the space 151492K,  68% used [0x28150000, 0x2e74bf68, 0x2e74c000, 0x31541000)
 compacting perm gen  total 12288K, used 1809K [0x32c00000, 0x33800000, 0x36c00000)
   the space 12288K,  14% used [0x32c00000, 0x32dc44e0, 0x32dc4600, 0x33800000)
    ro space 10240K,  42% used [0x36c00000, 0x37036058, 0x37036200, 0x37600000)
    rw space 12288K,  51% used [0x37600000, 0x37c3bdb0, 0x37c3be00, 0x38200000)
}
Event: 56.046 GC heap before
{Heap before GC invocations=114 (full 30):
 def new generation   total 68224K, used 68224K [0x22c00000, 0x27600000, 0x28150000)
  eden space 60672K, 100% used [0x22c00000, 0x26740000, 0x26740000)
  from space 7552K, 100% used [0x26ea0000, 0x27600000, 0x27600000)
  to   space 7552K,   0% used [0x26740000, 0x26740000, 0x26ea0000)
 tenured generation   total 151492K, used 104431K [0x28150000, 0x31541000, 0x32c00000)
   the space 151492K,  68% used [0x28150000, 0x2e74bf68, 0x2e74c000, 0x31541000)
 compacting perm gen  total 12288K, used 1809K [0x32c00000, 0x33800000, 0x36c00000)
   the space 12288K,  14% used [0x32c00000, 0x32dc44e0, 0x32dc4600, 0x33800000)
    ro space 10240K,  42% used [0x36c00000, 0x37036058, 0x37036200, 0x37600000)
    rw space 12288K,  51% used [0x37600000, 0x37c3bdb0, 0x37c3be00, 0x38200000)

